Using pre-set license
Built from '2021.3/staging' branch; Version is '2021.3.18f1 (3129e69bc0c7) revision 3221990'; Using compiler version '192829333'; Build Type 'Release'
OS: 'Windows 10  (10.0.19045) 64bit Core' Language: 'en' Physical Memory: 8045 MB
BatchMode: 1, IsHumanControllingUs: 0, StartBugReporterOnCrash: 0, Is64bit: 1, IsPro: 1

COMMAND LINE ARGUMENTS:
C:\Program Files\Unity\Hub\Editor\2021.3.18f1\Editor\Unity.exe
-adb2
-batchMode
-noUpm
-name
AssetImportWorker2
-projectPath
C:/Users/Ana/Documents/GitHub/PirateGame/PirateAdventure
-logFile
Logs/AssetImportWorker2.log
-srvPort
54875
Successfully changed project path to: C:/Users/Ana/Documents/GitHub/PirateGame/PirateAdventure
C:/Users/Ana/Documents/GitHub/PirateGame/PirateAdventure
[UnityMemory] Configuration Parameters - Can be set up in boot.config
    "memorysetup-bucket-allocator-granularity=16"
    "memorysetup-bucket-allocator-bucket-count=8"
    "memorysetup-bucket-allocator-block-size=33554432"
    "memorysetup-bucket-allocator-block-count=8"
    "memorysetup-main-allocator-block-size=16777216"
    "memorysetup-thread-allocator-block-size=16777216"
    "memorysetup-gfx-main-allocator-block-size=16777216"
    "memorysetup-gfx-thread-allocator-block-size=16777216"
    "memorysetup-cache-allocator-block-size=4194304"
    "memorysetup-typetree-allocator-block-size=2097152"
    "memorysetup-profiler-bucket-allocator-granularity=16"
    "memorysetup-profiler-bucket-allocator-bucket-count=8"
    "memorysetup-profiler-bucket-allocator-block-size=33554432"
    "memorysetup-profiler-bucket-allocator-block-count=8"
    "memorysetup-profiler-allocator-block-size=16777216"
    "memorysetup-profiler-editor-allocator-block-size=1048576"
    "memorysetup-temp-allocator-size-main=16777216"
    "memorysetup-job-temp-allocator-block-size=2097152"
    "memorysetup-job-temp-allocator-block-size-background=1048576"
    "memorysetup-job-temp-allocator-reduction-small-platforms=262144"
    "memorysetup-temp-allocator-size-background-worker=32768"
    "memorysetup-temp-allocator-size-job-worker=262144"
    "memorysetup-temp-allocator-size-preload-manager=33554432"
    "memorysetup-temp-allocator-size-nav-mesh-worker=65536"
    "memorysetup-temp-allocator-size-audio-worker=65536"
    "memorysetup-temp-allocator-size-cloud-worker=32768"
    "memorysetup-temp-allocator-size-gi-baking-worker=262144"
    "memorysetup-temp-allocator-size-gfx=262144"
Player connection [13964] Host "[IP] 192.168.1.79 [Port] 0 [Flags] 2 [Guid] 1638789988 [EditorId] 1638789988 [Version] 1048832 [Id] WindowsEditor(7,DESKTOP-LH9DSS3) [Debug] 1 [PackageName] WindowsEditor [ProjectName] Editor" joined multi-casting on [225.0.0.222:54997]...

Player connection [13964] Host "[IP] 192.168.1.79 [Port] 0 [Flags] 2 [Guid] 1638789988 [EditorId] 1638789988 [Version] 1048832 [Id] WindowsEditor(7,DESKTOP-LH9DSS3) [Debug] 1 [PackageName] WindowsEditor [ProjectName] Editor" joined alternative multi-casting on [225.0.0.222:34997]...

Refreshing native plugins compatible for Editor in 260.75 ms, found 4 plugins.
Preloading 0 native plugins for Editor in 0.00 ms.
Initialize engine version: 2021.3.18f1 (3129e69bc0c7)
[Subsystems] Discovering subsystems at path C:/Program Files/Unity/Hub/Editor/2021.3.18f1/Editor/Data/Resources/UnitySubsystems
[Subsystems] Discovering subsystems at path C:/Users/Ana/Documents/GitHub/PirateGame/PirateAdventure/Assets
GfxDevice: creating device client; threaded=0; jobified=0
Direct3D:
    Version:  Direct3D 11.0 [level 11.1]
    Renderer: AMD Radeon(TM) R5 M430 (ID=0x6660)
    Vendor:   ATI
    VRAM:     2039 MB
    Driver:   21.19.512.4
Initialize mono
Mono path[0] = 'C:/Program Files/Unity/Hub/Editor/2021.3.18f1/Editor/Data/Managed'
Mono path[1] = 'C:/Program Files/Unity/Hub/Editor/2021.3.18f1/Editor/Data/MonoBleedingEdge/lib/mono/unityjit-win32'
Mono config path = 'C:/Program Files/Unity/Hub/Editor/2021.3.18f1/Editor/Data/MonoBleedingEdge/etc'
Using monoOptions --debugger-agent=transport=dt_socket,embedding=1,server=y,suspend=n,address=127.0.0.1:56060
Begin MonoManager ReloadAssembly
Registering precompiled unity dll's ...
Register platform support module: C:/Program Files/Unity/Hub/Editor/2021.3.18f1/Editor/Data/PlaybackEngines/AndroidPlayer/UnityEditor.Android.Extensions.dll
Register platform support module: C:/Program Files/Unity/Hub/Editor/2021.3.18f1/Editor/Data/PlaybackEngines/iOSSupport/UnityEditor.iOS.Extensions.dll
Register platform support module: C:/Program Files/Unity/Hub/Editor/2021.3.18f1/Editor/Data/PlaybackEngines/WindowsStandaloneSupport/UnityEditor.WindowsStandalone.Extensions.dll
Registered in 0.016984 seconds.
Native extension for WindowsStandalone target not found
[usbmuxd] Start listen thread
[usbmuxd] Listen thread started
[usbmuxd] Send listen message
Native extension for iOS target not found
Native extension for Android target not found
Android Extension - Scanning For ADB Devices 517 ms
Refreshing native plugins compatible for Editor in 244.45 ms, found 4 plugins.
Preloading 0 native plugins for Editor in 0.00 ms.
Mono: successfully reloaded assembly
- Completed reload, in  1.849 seconds
Domain Reload Profiling:
	ReloadAssembly (1850ms)
		BeginReloadAssembly (148ms)
			ExecutionOrderSort (0ms)
			DisableScriptedObjects (0ms)
			BackupInstance (0ms)
			ReleaseScriptingObjects (0ms)
			CreateAndSetChildDomain (2ms)
		EndReloadAssembly (1490ms)
			LoadAssemblies (140ms)
			RebuildTransferFunctionScriptingTraits (0ms)
			SetupTypeCache (186ms)
			ReleaseScriptCaches (0ms)
			RebuildScriptCaches (49ms)
			SetupLoadedEditorAssemblies (1164ms)
				LogAssemblyErrors (0ms)
				InitializePlatformSupportModulesInManaged (679ms)
				SetLoadedEditorAssemblies (0ms)
				RefreshPlugins (245ms)
				BeforeProcessingInitializeOnLoad (2ms)
				ProcessInitializeOnLoadAttributes (160ms)
				ProcessInitializeOnLoadMethodAttributes (78ms)
				AfterProcessingInitializeOnLoad (0ms)
				EditorAssembliesLoaded (0ms)
			ExecutionOrderSort2 (0ms)
			AwakeInstancesAfterBackupRestoration (0ms)
Platform modules already initialized, skipping
Registering precompiled user dll's ...
Registered in 0.013541 seconds.
Begin MonoManager ReloadAssembly
Symbol file LoadedFromMemory doesn't match image C:\Users\Ana\Documents\GitHub\PirateGame\PirateAdventure\Library\PackageCache\com.unity.visualscripting@1.8.0\Editor\VisualScripting.Core\Dependencies\YamlDotNet\Unity.VisualScripting.YamlDotNet.dll
Symbol file LoadedFromMemory doesn't match image C:\Users\Ana\Documents\GitHub\PirateGame\PirateAdventure\Library\PackageCache\com.unity.visualscripting@1.8.0\Editor\VisualScripting.Core\Dependencies\DotNetZip\Unity.VisualScripting.IonicZip.dll
Native extension for WindowsStandalone target not found
Native extension for iOS target not found
Native extension for Android target not found
Refreshing native plugins compatible for Editor in 239.12 ms, found 4 plugins.
Preloading 0 native plugins for Editor in 0.00 ms.
Mono: successfully reloaded assembly
- Completed reload, in 13.008 seconds
Domain Reload Profiling:
	ReloadAssembly (13010ms)
		BeginReloadAssembly (199ms)
			ExecutionOrderSort (0ms)
			DisableScriptedObjects (11ms)
			BackupInstance (0ms)
			ReleaseScriptingObjects (0ms)
			CreateAndSetChildDomain (33ms)
		EndReloadAssembly (12475ms)
			LoadAssemblies (8860ms)
			RebuildTransferFunctionScriptingTraits (0ms)
			SetupTypeCache (1289ms)
			ReleaseScriptCaches (1ms)
			RebuildScriptCaches (130ms)
			SetupLoadedEditorAssemblies (2083ms)
				LogAssemblyErrors (0ms)
				InitializePlatformSupportModulesInManaged (42ms)
				SetLoadedEditorAssemblies (0ms)
				RefreshPlugins (239ms)
				BeforeProcessingInitializeOnLoad (223ms)
				ProcessInitializeOnLoadAttributes (1385ms)
				ProcessInitializeOnLoadMethodAttributes (177ms)
				AfterProcessingInitializeOnLoad (17ms)
				EditorAssembliesLoaded (0ms)
			ExecutionOrderSort2 (0ms)
			AwakeInstancesAfterBackupRestoration (11ms)
Platform modules already initialized, skipping
========================================================================
Worker process is ready to serve import requests
Launched and connected shader compiler UnityShaderCompiler.exe after 0.17 seconds
Refreshing native plugins compatible for Editor in 1.49 ms, found 4 plugins.
Preloading 0 native plugins for Editor in 0.00 ms.
Unloading 5746 Unused Serialized files (Serialized files now loaded: 0)
Unloading 71 unused Assets / (1.3 MB). Loaded Objects now: 6187.
Memory consumption went from 233.6 MB to 232.3 MB.
Total: 7.191500 ms (FindLiveObjects: 0.665700 ms CreateObjectMapping: 0.652800 ms MarkObjects: 5.007800 ms  DeleteObjects: 0.863300 ms)

AssetImportParameters requested are different than current active one (requested -> active):
  custom:video-decoder-ogg-theora: a1e56fd34408186e4bbccfd4996cb3dc -> 
  custom:container-muxer-webm: aa71ff27fc2769a1b78a27578f13a17b -> 
  custom:container-demuxer-webm: 4f35f7cbe854078d1ac9338744f61a02 -> 
  custom:video-encoder-webm-vp8: eb34c28f22e8b96e1ab97ce403110664 -> 
  custom:video-codec-MediaFoundation-h265: 746d11721c4dcdbdad8f713fa42b33f4 -> 
  custom:audio-encoder-webm-vorbis: bf7c407c2cedff20999df2af8eb42d56 -> 
  custom:framework-win-MediaFoundation: 216162199b28c13a410421893ffa2e32 -> 
  custom:container-demuxer-ogg: 62fdf1f143b41e24485cea50d1cbac27 -> 
  custom:video-decoder-webm-vp8: 9c59270c3fd7afecdb556c50c9e8de78 -> 
  custom:audio-decoder-ogg-vorbis: bf7c407c2cedff20999df2af8eb42d56 -> 
========================================================================
Received Import Request.
  Time since last request: 1209380.282181 seconds.
  path: Assets/InputSystem.inputsettings.asset
  artifactKey: Guid(0ca74656ad941114baa68d5844438293) Importer(815301076,1909f56bfc062723c751e8b465ee728b)
Start importing Assets/InputSystem.inputsettings.asset using Guid(0ca74656ad941114baa68d5844438293) Importer(815301076,1909f56bfc062723c751e8b465ee728b)  -> (artifact id: '60013aae3ce6b5a7902a3ebff3aaa488') in 0.172145 seconds 
========================================================================
Received Import Request.
  Time since last request: 163.075414 seconds.
  path: Assets/Art/OnlineAssets/freeknight/Comparison2x.png
  artifactKey: Guid(ac0d965f33b93814eaae98347995b758) Importer(815301076,1909f56bfc062723c751e8b465ee728b)
Start importing Assets/Art/OnlineAssets/freeknight/Comparison2x.png using Guid(ac0d965f33b93814eaae98347995b758) Importer(815301076,1909f56bfc062723c751e8b465ee728b)  -> (artifact id: '433967146e64b2fb94eb330eb89f8b49') in 0.170997 seconds 
========================================================================
Received Import Request.
  Time since last request: 0.000034 seconds.
  path: Assets/Art/OnlineAssets/freeknight/PromoAnimated2x.gif
  artifactKey: Guid(b85b8f0111f3896409685294782bbec3) Importer(815301076,1909f56bfc062723c751e8b465ee728b)
Start importing Assets/Art/OnlineAssets/freeknight/PromoAnimated2x.gif using Guid(b85b8f0111f3896409685294782bbec3) Importer(815301076,1909f56bfc062723c751e8b465ee728b)  -> (artifact id: 'c05acd814fb30324afab7a3c58a0ab71') in 0.155052 seconds 
========================================================================
Received Import Request.
  Time since last request: 2.715365 seconds.
  path: Assets/Art/OnlineAssets/freeknight/Colour1/NoOutline/120x80_PNGSheets/_Attack2NoMovement.png
  artifactKey: Guid(10f12b52daf883b41a95c255aec003b0) Importer(815301076,1909f56bfc062723c751e8b465ee728b)
Start importing Assets/Art/OnlineAssets/freeknight/Colour1/NoOutline/120x80_PNGSheets/_Attack2NoMovement.png using Guid(10f12b52daf883b41a95c255aec003b0) Importer(815301076,1909f56bfc062723c751e8b465ee728b)  -> (artifact id: '1483afa11eee40f328c94252efde134d') in 0.093355 seconds 
========================================================================
Received Import Request.
  Time since last request: 0.000038 seconds.
  path: Assets/Art/OnlineAssets/freeknight/Colour1/NoOutline/120x80_PNGSheets/_SlideFull.png
  artifactKey: Guid(84b2709d507815841801f36b9d9a9d3b) Importer(815301076,1909f56bfc062723c751e8b465ee728b)
Start importing Assets/Art/OnlineAssets/freeknight/Colour1/NoOutline/120x80_PNGSheets/_SlideFull.png using Guid(84b2709d507815841801f36b9d9a9d3b) Importer(815301076,1909f56bfc062723c751e8b465ee728b)  -> (artifact id: '43f51f21621050cbeebd5aa68d4abce8') in 0.044674 seconds 
========================================================================
Received Import Request.
  Time since last request: 0.000050 seconds.
  path: Assets/Art/OnlineAssets/freeknight/Colour1/NoOutline/120x80_PNGSheets/_DeathNoMovement.png
  artifactKey: Guid(7cc6e567ebc78004aba98ecedd50bfd0) Importer(815301076,1909f56bfc062723c751e8b465ee728b)
Start importing Assets/Art/OnlineAssets/freeknight/Colour1/NoOutline/120x80_PNGSheets/_DeathNoMovement.png using Guid(7cc6e567ebc78004aba98ecedd50bfd0) Importer(815301076,1909f56bfc062723c751e8b465ee728b)  -> (artifact id: '2fe5fccf49ad2804907e59412022af81') in 0.042487 seconds 
========================================================================
Received Import Request.
  Time since last request: 0.000057 seconds.
  path: Assets/Art/OnlineAssets/freeknight/Colour1/NoOutline/120x80_PNGSheets/_AttackComboNoMovement.png
  artifactKey: Guid(d38efbc3f63d3584088ddff2d64b9cbe) Importer(815301076,1909f56bfc062723c751e8b465ee728b)
Start importing Assets/Art/OnlineAssets/freeknight/Colour1/NoOutline/120x80_PNGSheets/_AttackComboNoMovement.png using Guid(d38efbc3f63d3584088ddff2d64b9cbe) Importer(815301076,1909f56bfc062723c751e8b465ee728b)  -> (artifact id: 'd13c7df519c807ffcce86463f688cd7e') in 0.046185 seconds 
========================================================================
Received Import Request.
  Time since last request: 0.000027 seconds.
  path: Assets/Art/OnlineAssets/freeknight/Colour1/NoOutline/120x80_PNGSheets/_Hit.png
  artifactKey: Guid(1bf880b263f7a5244ab9e0a0652762ac) Importer(815301076,1909f56bfc062723c751e8b465ee728b)
Start importing Assets/Art/OnlineAssets/freeknight/Colour1/NoOutline/120x80_PNGSheets/_Hit.png using Guid(1bf880b263f7a5244ab9e0a0652762ac) Importer(815301076,1909f56bfc062723c751e8b465ee728b)  -> (artifact id: '148188d5a74ff5f142aa6e77243f105f') in 0.030507 seconds 
========================================================================
Received Import Request.
  Time since last request: 0.000027 seconds.
  path: Assets/Art/OnlineAssets/freeknight/Colour1/NoOutline/120x80_PNGSheets/_SlideTransitionEnd.png
  artifactKey: Guid(24da5353a8e866547ae09075f1cdf24d) Importer(815301076,1909f56bfc062723c751e8b465ee728b)
Start importing Assets/Art/OnlineAssets/freeknight/Colour1/NoOutline/120x80_PNGSheets/_SlideTransitionEnd.png using Guid(24da5353a8e866547ae09075f1cdf24d) Importer(815301076,1909f56bfc062723c751e8b465ee728b)  -> (artifact id: '70cacc4b6db6070aa0c642697e1d7324') in 0.042360 seconds 
========================================================================
Received Import Request.
  Time since last request: 0.000024 seconds.
  path: Assets/Art/OnlineAssets/freeknight/Colour1/NoOutline/120x80_PNGSheets/_WallClimb.png
  artifactKey: Guid(bd7d80f57294d8a4699ba64eddfe1be2) Importer(815301076,1909f56bfc062723c751e8b465ee728b)
Start importing Assets/Art/OnlineAssets/freeknight/Colour1/NoOutline/120x80_PNGSheets/_WallClimb.png using Guid(bd7d80f57294d8a4699ba64eddfe1be2) Importer(815301076,1909f56bfc062723c751e8b465ee728b)  -> (artifact id: 'cd81085ce1451193161de962b85d16d7') in 0.045966 seconds 
========================================================================
Received Import Request.
  Time since last request: 0.000064 seconds.
  path: Assets/Art/OnlineAssets/freeknight/Colour1/NoOutline/120x80_PNGSheets/_WallClimbNoMovement.png
  artifactKey: Guid(fa51a68ba173cd2478605c75c2e2e54e) Importer(815301076,1909f56bfc062723c751e8b465ee728b)
Start importing Assets/Art/OnlineAssets/freeknight/Colour1/NoOutline/120x80_PNGSheets/_WallClimbNoMovement.png using Guid(fa51a68ba173cd2478605c75c2e2e54e) Importer(815301076,1909f56bfc062723c751e8b465ee728b)  -> (artifact id: '30bdc12bd87a2b9ece1e2f148281abdb') in 0.045562 seconds 
========================================================================
Received Import Request.
  Time since last request: 0.000037 seconds.
  path: Assets/Art/OnlineAssets/freeknight/Colour1/NoOutline/120x80_PNGSheets/_CrouchAttack.png
  artifactKey: Guid(e089021ec75d3364e97e242d602e31bf) Importer(815301076,1909f56bfc062723c751e8b465ee728b)
Start importing Assets/Art/OnlineAssets/freeknight/Colour1/NoOutline/120x80_PNGSheets/_CrouchAttack.png using Guid(e089021ec75d3364e97e242d602e31bf) Importer(815301076,1909f56bfc062723c751e8b465ee728b)  -> (artifact id: '81fef3ff4ac28e625b84feb01051e131') in 0.043269 seconds 
========================================================================
Received Import Request.
  Time since last request: 0.000053 seconds.
  path: Assets/Art/OnlineAssets/freeknight/Colour1/NoOutline/120x80_PNGSheets/_TurnAround.png
  artifactKey: Guid(200ae4ced3a40f546b9635ec65393c6e) Importer(815301076,1909f56bfc062723c751e8b465ee728b)
Start importing Assets/Art/OnlineAssets/freeknight/Colour1/NoOutline/120x80_PNGSheets/_TurnAround.png using Guid(200ae4ced3a40f546b9635ec65393c6e) Importer(815301076,1909f56bfc062723c751e8b465ee728b)  -> (artifact id: '64cecb59b1729a83dd0f8b62d2d304d0') in 0.042620 seconds 
========================================================================
Received Import Request.
  Time since last request: 0.000050 seconds.
  path: Assets/Art/OnlineAssets/freeknight/Colour1/NoOutline/120x80_PNGSheets/_Slide.png
  artifactKey: Guid(4bce2122ac623ba4c80411bca944732e) Importer(815301076,1909f56bfc062723c751e8b465ee728b)
Start importing Assets/Art/OnlineAssets/freeknight/Colour1/NoOutline/120x80_PNGSheets/_Slide.png using Guid(4bce2122ac623ba4c80411bca944732e) Importer(815301076,1909f56bfc062723c751e8b465ee728b)  -> (artifact id: 'c27ce101d5930a0736ff08dd2f269ef7') in 0.064641 seconds 
========================================================================
Received Import Request.
  Time since last request: 0.000037 seconds.
  path: Assets/Art/OnlineAssets/freeknight/Colour1/NoOutline/120x80_PNGSheets/_SlideTransitionStart.png
  artifactKey: Guid(4aa18b0f35353e9499b484f24b4f7deb) Importer(815301076,1909f56bfc062723c751e8b465ee728b)
Start importing Assets/Art/OnlineAssets/freeknight/Colour1/NoOutline/120x80_PNGSheets/_SlideTransitionStart.png using Guid(4aa18b0f35353e9499b484f24b4f7deb) Importer(815301076,1909f56bfc062723c751e8b465ee728b)  -> (artifact id: 'c40e171a3473e3e6ddc1fa48d2fddc39') in 0.041098 seconds 
========================================================================
Received Import Request.
  Time since last request: 0.000044 seconds.
  path: Assets/Art/OnlineAssets/freeknight/Colour1/NoOutline/120x80_PNGSheets/_Roll.png
  artifactKey: Guid(a2006fa7a23741f41b2c54521f664bfb) Importer(815301076,1909f56bfc062723c751e8b465ee728b)
Start importing Assets/Art/OnlineAssets/freeknight/Colour1/NoOutline/120x80_PNGSheets/_Roll.png using Guid(a2006fa7a23741f41b2c54521f664bfb) Importer(815301076,1909f56bfc062723c751e8b465ee728b)  -> (artifact id: 'c91b3ede74bf9bc194441d4c0df8bd93') in 0.055123 seconds 
========================================================================
Received Import Request.
  Time since last request: 0.000045 seconds.
  path: Assets/Art/OnlineAssets/freeknight/Colour1/NoOutline/120x80_PNGSheets/_Crouch.png
  artifactKey: Guid(e83b7593f42edff4882208340db226c0) Importer(815301076,1909f56bfc062723c751e8b465ee728b)
Start importing Assets/Art/OnlineAssets/freeknight/Colour1/NoOutline/120x80_PNGSheets/_Crouch.png using Guid(e83b7593f42edff4882208340db226c0) Importer(815301076,1909f56bfc062723c751e8b465ee728b)  -> (artifact id: '6cffb65aee318306f22fa2ddb0543048') in 0.041364 seconds 
========================================================================
Received Import Request.
  Time since last request: 0.000027 seconds.
  path: Assets/Art/OnlineAssets/freeknight/Colour1/NoOutline/120x80_PNGSheets/_CrouchFull.png
  artifactKey: Guid(60c81255753be0d4bbb8933711643e75) Importer(815301076,1909f56bfc062723c751e8b465ee728b)
Start importing Assets/Art/OnlineAssets/freeknight/Colour1/NoOutline/120x80_PNGSheets/_CrouchFull.png using Guid(60c81255753be0d4bbb8933711643e75) Importer(815301076,1909f56bfc062723c751e8b465ee728b)  -> (artifact id: '8e0a4511f5e59403fae1fd7beafc7493') in 0.034762 seconds 
========================================================================
Received Import Request.
  Time since last request: 0.000064 seconds.
  path: Assets/Art/OnlineAssets/freeknight/Colour1/NoOutline/120x80_PNGSheets/_WallHang.png
  artifactKey: Guid(30d7cd69e0e352248a4a325b2d8c4952) Importer(815301076,1909f56bfc062723c751e8b465ee728b)
Start importing Assets/Art/OnlineAssets/freeknight/Colour1/NoOutline/120x80_PNGSheets/_WallHang.png using Guid(30d7cd69e0e352248a4a325b2d8c4952) Importer(815301076,1909f56bfc062723c751e8b465ee728b)  -> (artifact id: '3a5d445b605f4b095b874cb0265cf959') in 0.037001 seconds 
========================================================================
Received Import Request.
  Time since last request: 0.000043 seconds.
  path: Assets/Art/OnlineAssets/freeknight/Colour1/NoOutline/120x80_PNGSheets/_CrouchWalk.png
  artifactKey: Guid(561057cb3282ddd41ab5ea8bf47b5619) Importer(815301076,1909f56bfc062723c751e8b465ee728b)
Start importing Assets/Art/OnlineAssets/freeknight/Colour1/NoOutline/120x80_PNGSheets/_CrouchWalk.png using Guid(561057cb3282ddd41ab5ea8bf47b5619) Importer(815301076,1909f56bfc062723c751e8b465ee728b)  -> (artifact id: 'e489fc9ac1a2252f6831b46141a93967') in 0.056158 seconds 
========================================================================
Received Import Request.
  Time since last request: 0.000042 seconds.
  path: Assets/Art/OnlineAssets/freeknight/Colour1/NoOutline/120x80_PNGSheets/_AttackCombo.png
  artifactKey: Guid(91590ba33b21b064c96114232eaf59a4) Importer(815301076,1909f56bfc062723c751e8b465ee728b)
Start importing Assets/Art/OnlineAssets/freeknight/Colour1/NoOutline/120x80_PNGSheets/_AttackCombo.png using Guid(91590ba33b21b064c96114232eaf59a4) Importer(815301076,1909f56bfc062723c751e8b465ee728b)  -> (artifact id: '771c0d06d533beb7746c257283bea2b0') in 0.036535 seconds 
========================================================================
Received Import Request.
  Time since last request: 0.000103 seconds.
  path: Assets/Art/OnlineAssets/freeknight/Colour1/NoOutline/120x80_PNGSheets/_CrouchTransition.png
  artifactKey: Guid(94fc74c155ac1274796e18c037bd186e) Importer(815301076,1909f56bfc062723c751e8b465ee728b)
Start importing Assets/Art/OnlineAssets/freeknight/Colour1/NoOutline/120x80_PNGSheets/_CrouchTransition.png using Guid(94fc74c155ac1274796e18c037bd186e) Importer(815301076,1909f56bfc062723c751e8b465ee728b)  -> (artifact id: '9667d62e8585c9908f470ad9335c71ca') in 0.037052 seconds 
========================================================================
Received Import Request.
  Time since last request: 0.000035 seconds.
  path: Assets/Art/OnlineAssets/freeknight/Colour1/NoOutline/120x80_PNGSheets/_WallSlide.png
  artifactKey: Guid(318fd12ec5109a44e8b87498bb61752b) Importer(815301076,1909f56bfc062723c751e8b465ee728b)
Start importing Assets/Art/OnlineAssets/freeknight/Colour1/NoOutline/120x80_PNGSheets/_WallSlide.png using Guid(318fd12ec5109a44e8b87498bb61752b) Importer(815301076,1909f56bfc062723c751e8b465ee728b)  -> (artifact id: '9930097bece55dc44156f2eb8d90ff0a') in 0.037150 seconds 
========================================================================
Received Import Request.
  Time since last request: 0.000067 seconds.
  path: Assets/Art/OnlineAssets/freeknight/Colour1/NoOutline/120x80_PNGSheets/_Dash.png
  artifactKey: Guid(b14396ffa3c971443b213bf463a65010) Importer(815301076,1909f56bfc062723c751e8b465ee728b)
Start importing Assets/Art/OnlineAssets/freeknight/Colour1/NoOutline/120x80_PNGSheets/_Dash.png using Guid(b14396ffa3c971443b213bf463a65010) Importer(815301076,1909f56bfc062723c751e8b465ee728b)  -> (artifact id: '824527df6ba82186323c014738b47002') in 0.033916 seconds 
========================================================================
Received Import Request.
  Time since last request: 0.000042 seconds.
  path: Assets/Art/OnlineAssets/freeknight/Colour1/NoOutline/120x80_PNGSheets/_Fall.png
  artifactKey: Guid(bb8c1d8f14de9544e9b297a8683d148e) Importer(815301076,1909f56bfc062723c751e8b465ee728b)
Start importing Assets/Art/OnlineAssets/freeknight/Colour1/NoOutline/120x80_PNGSheets/_Fall.png using Guid(bb8c1d8f14de9544e9b297a8683d148e) Importer(815301076,1909f56bfc062723c751e8b465ee728b)  -> (artifact id: '52aeddeec2026fa0efa8e759fc4406db') in 0.032349 seconds 
========================================================================
Received Import Request.
  Time since last request: 0.000034 seconds.
  path: Assets/Art/OnlineAssets/freeknight/Colour1/NoOutline/120x80_PNGSheets/_AttackNoMovement.png
  artifactKey: Guid(7d0b5a1f02d9e5d4c943415839842167) Importer(815301076,1909f56bfc062723c751e8b465ee728b)
Start importing Assets/Art/OnlineAssets/freeknight/Colour1/NoOutline/120x80_PNGSheets/_AttackNoMovement.png using Guid(7d0b5a1f02d9e5d4c943415839842167) Importer(815301076,1909f56bfc062723c751e8b465ee728b)  -> (artifact id: '35166a76a095cc888c94f0c4c9ef309c') in 0.031421 seconds 
========================================================================
Received Import Request.
  Time since last request: 213.884440 seconds.
  path: Assets/Art/OnlineAssets/freeknight/Colour1/NoOutline/120x80_PNGSheets/_Attack.png
  artifactKey: Guid(418a03ac8bf5d464995f12effdb9715f) Importer(815301076,1909f56bfc062723c751e8b465ee728b)
Start importing Assets/Art/OnlineAssets/freeknight/Colour1/NoOutline/120x80_PNGSheets/_Attack.png using Guid(418a03ac8bf5d464995f12effdb9715f) Importer(815301076,1909f56bfc062723c751e8b465ee728b)  -> (artifact id: 'c01892328c74568f521345f3a0c8ab7c') in 0.054276 seconds 
========================================================================
Received Import Request.
  Time since last request: 21.706577 seconds.
  path: Assets/Art/OnlineAssets/freeknight/Colour1/NoOutline/120x80_PNGSheets/_Death.png
  artifactKey: Guid(d5dd4ad425d8b5f4cba0a046c18d8ee2) Importer(815301076,1909f56bfc062723c751e8b465ee728b)
Start importing Assets/Art/OnlineAssets/freeknight/Colour1/NoOutline/120x80_PNGSheets/_Death.png using Guid(d5dd4ad425d8b5f4cba0a046c18d8ee2) Importer(815301076,1909f56bfc062723c751e8b465ee728b)  -> (artifact id: 'dbe434911f9a29d2d8fd0aff9d4cf0e8') in 0.071927 seconds 
========================================================================
Received Import Request.
  Time since last request: 12.401159 seconds.
  path: Assets/Art/OnlineAssets/freeknight/Colour1/NoOutline/120x80_PNGSheets/_Hit.png
  artifactKey: Guid(1bf880b263f7a5244ab9e0a0652762ac) Importer(815301076,1909f56bfc062723c751e8b465ee728b)
Start importing Assets/Art/OnlineAssets/freeknight/Colour1/NoOutline/120x80_PNGSheets/_Hit.png using Guid(1bf880b263f7a5244ab9e0a0652762ac) Importer(815301076,1909f56bfc062723c751e8b465ee728b)  -> (artifact id: 'ea0207b8feea242ffaf7d11d39b69b1e') in 0.022828 seconds 
========================================================================
Received Import Request.
  Time since last request: 37.601254 seconds.
  path: Assets/Art/OnlineAssets/freeknight/Colour1/NoOutline/120x80_PNGSheets/_Run.png
  artifactKey: Guid(ee0b22b1db1665849b75e0bc98099060) Importer(815301076,1909f56bfc062723c751e8b465ee728b)
Start importing Assets/Art/OnlineAssets/freeknight/Colour1/NoOutline/120x80_PNGSheets/_Run.png using Guid(ee0b22b1db1665849b75e0bc98099060) Importer(815301076,1909f56bfc062723c751e8b465ee728b)  -> (artifact id: '51a4fe1a6d5d3947ac2689e96194dede') in 0.068610 seconds 
========================================================================
Received Import Request.
  Time since last request: 51.683142 seconds.
  path: Assets/Art/OnlineAssets/freeknight/Colour1/NoOutline/120x80_PNGSheets/_Run.png
  artifactKey: Guid(ee0b22b1db1665849b75e0bc98099060) Importer(815301076,1909f56bfc062723c751e8b465ee728b)
Start importing Assets/Art/OnlineAssets/freeknight/Colour1/NoOutline/120x80_PNGSheets/_Run.png using Guid(ee0b22b1db1665849b75e0bc98099060) Importer(815301076,1909f56bfc062723c751e8b465ee728b)  -> (artifact id: '88d8e7f30b672ad56e33b96a77e67c91') in 0.059295 seconds 
========================================================================
Received Import Request.
  Time since last request: 461.316165 seconds.
  path: Assets/Scripts/DetectionZone.cs
  artifactKey: Guid(9818965b729d8d74b964076daa161bf0) Importer(815301076,1909f56bfc062723c751e8b465ee728b)
Start importing Assets/Scripts/DetectionZone.cs using Guid(9818965b729d8d74b964076daa161bf0) Importer(815301076,1909f56bfc062723c751e8b465ee728b)  -> (artifact id: '0d36f5cf1a7abf139a3ead16d1229b71') in 0.851222 seconds 
========================================================================
Received Import Request.
  Time since last request: 58.215784 seconds.
  path: Assets/Art/OnlineAssets/Bandits - Pixel Art/Sprites
  artifactKey: Guid(9a78476a3a5328641be59096a0f53e7f) Importer(815301076,1909f56bfc062723c751e8b465ee728b)
Start importing Assets/Art/OnlineAssets/Bandits - Pixel Art/Sprites using Guid(9a78476a3a5328641be59096a0f53e7f) Importer(815301076,1909f56bfc062723c751e8b465ee728b)  -> (artifact id: '9a97295b48e7fbcd676383116c958b4b') in 0.039333 seconds 
========================================================================
Received Import Request.
  Time since last request: 1713.442187 seconds.
  path: Assets/Scripts/PlayerController.cs
  artifactKey: Guid(0f9bcf19e32f8a949b1855d331f1c615) Importer(815301076,1909f56bfc062723c751e8b465ee728b)
Start importing Assets/Scripts/PlayerController.cs using Guid(0f9bcf19e32f8a949b1855d331f1c615) Importer(815301076,1909f56bfc062723c751e8b465ee728b)  -> (artifact id: '8fa405bd3504ddb3c2e579a8de6c9a59') in 0.041612 seconds 
========================================================================
Received Import Request.
  Time since last request: 143.664680 seconds.
  path: Assets/Scripts/KnightScript.cs
  artifactKey: Guid(aaeaf006b408bb544b0d32b981e5ffd4) Importer(815301076,1909f56bfc062723c751e8b465ee728b)
Start importing Assets/Scripts/KnightScript.cs using Guid(aaeaf006b408bb544b0d32b981e5ffd4) Importer(815301076,1909f56bfc062723c751e8b465ee728b)  -> (artifact id: '80e92163831271631076d33f7fc39f1b') in 0.036351 seconds 
========================================================================
Received Import Request.
  Time since last request: 140.645758 seconds.
  path: Assets/Characters/Player/AC_Player.controller
  artifactKey: Guid(32be057db754c6444bda765d265ee7e3) Importer(815301076,1909f56bfc062723c751e8b465ee728b)
Start importing Assets/Characters/Player/AC_Player.controller using Guid(32be057db754c6444bda765d265ee7e3) Importer(815301076,1909f56bfc062723c751e8b465ee728b)  -> (artifact id: '166605a23f0be2d366984e91712e8fdf') in 0.445406 seconds 
========================================================================
Received Import Request.
  Time since last request: 852.490138 seconds.
  path: Assets/Art/OnlineAssets/Bandits - Pixel Art/Sprites/Background.png
  artifactKey: Guid(0ce96aa6462620e47ac56eccbb027deb) Importer(815301076,1909f56bfc062723c751e8b465ee728b)
Start importing Assets/Art/OnlineAssets/Bandits - Pixel Art/Sprites/Background.png using Guid(0ce96aa6462620e47ac56eccbb027deb) Importer(815301076,1909f56bfc062723c751e8b465ee728b)  -> (artifact id: '15c47fe26f7a1fa910aa1574b4ffcaca') in 0.094579 seconds 
========================================================================
Received Import Request.
  Time since last request: 0.000095 seconds.
  path: Assets/Art/OnlineAssets/Bandits - Pixel Art/Sprites/EnvironmentTiles.png
  artifactKey: Guid(e10f9fe96b3acda42b06f252bba789de) Importer(815301076,1909f56bfc062723c751e8b465ee728b)
Start importing Assets/Art/OnlineAssets/Bandits - Pixel Art/Sprites/EnvironmentTiles.png using Guid(e10f9fe96b3acda42b06f252bba789de) Importer(815301076,1909f56bfc062723c751e8b465ee728b)  -> (artifact id: '891df3458bdd6caaaaba70d071b180c9') in 0.058297 seconds 
========================================================================
Received Import Request.
  Time since last request: 208.194425 seconds.
  path: Assets/Characters/Enemies/BanditEnemy/BanditEnemy.prefab
  artifactKey: Guid(7442160af69bf6140a3131aa3f8fe547) Importer(815301076,1909f56bfc062723c751e8b465ee728b)
Start importing Assets/Characters/Enemies/BanditEnemy/BanditEnemy.prefab using Guid(7442160af69bf6140a3131aa3f8fe547) Importer(815301076,1909f56bfc062723c751e8b465ee728b)  -> (artifact id: '0a318ef82ea514b72d4d1f374e50cbc7') in 1.414668 seconds 
========================================================================
Received Import Request.
  Time since last request: 297.576569 seconds.
  path: Assets/Characters/Enemies/BanditEnemy/AC_Bandit.controller
  artifactKey: Guid(b3dd78b6880f1044fbb196d12ff82880) Importer(815301076,1909f56bfc062723c751e8b465ee728b)
Start importing Assets/Characters/Enemies/BanditEnemy/AC_Bandit.controller using Guid(b3dd78b6880f1044fbb196d12ff82880) Importer(815301076,1909f56bfc062723c751e8b465ee728b)  -> (artifact id: 'fe3389ad60a63942ae2f7961e65f9322') in 0.026026 seconds 
========================================================================
Received Import Request.
  Time since last request: 385.478599 seconds.
  path: Assets/Characters/Enemies/BanditEnemy/bandit_attack.anim
  artifactKey: Guid(e41691e1f33fcd84b8983b5c16c49aa2) Importer(815301076,1909f56bfc062723c751e8b465ee728b)
Start importing Assets/Characters/Enemies/BanditEnemy/bandit_attack.anim using Guid(e41691e1f33fcd84b8983b5c16c49aa2) Importer(815301076,1909f56bfc062723c751e8b465ee728b)  -> (artifact id: 'd5b716fca6b6347d34a915db650dc5fc') in 0.032626 seconds 
========================================================================
Received Import Request.
  Time since last request: 2.013528 seconds.
  path: Assets/Characters/Enemies/BanditEnemy/bandit_death.anim
  artifactKey: Guid(8798e616ebcf33f45ac47393d4156f01) Importer(815301076,1909f56bfc062723c751e8b465ee728b)
Start importing Assets/Characters/Enemies/BanditEnemy/bandit_death.anim using Guid(8798e616ebcf33f45ac47393d4156f01) Importer(815301076,1909f56bfc062723c751e8b465ee728b)  -> (artifact id: '78f770e5baa6163803e20d0506a23c96') in 0.029080 seconds 
========================================================================
Received Import Request.
  Time since last request: 10.877522 seconds.
  path: Assets/Characters/Enemies/KnightEnemy/knight_attack.anim
  artifactKey: Guid(5779f04e567ebbc42a757fea39da8cef) Importer(815301076,1909f56bfc062723c751e8b465ee728b)
Start importing Assets/Characters/Enemies/KnightEnemy/knight_attack.anim using Guid(5779f04e567ebbc42a757fea39da8cef) Importer(815301076,1909f56bfc062723c751e8b465ee728b)  -> (artifact id: '6bab82b8433f9140917917412a652732') in 0.034949 seconds 
========================================================================
Received Import Request.
  Time since last request: 0.572867 seconds.
  path: Assets/Characters/Enemies/KnightEnemy/knight_death.anim
  artifactKey: Guid(83782579597141043bd5607f7f4a5571) Importer(815301076,1909f56bfc062723c751e8b465ee728b)
Start importing Assets/Characters/Enemies/KnightEnemy/knight_death.anim using Guid(83782579597141043bd5607f7f4a5571) Importer(815301076,1909f56bfc062723c751e8b465ee728b)  -> (artifact id: '67327528a8ccfcaa317066589194accb') in 0.029681 seconds 
========================================================================
Received Import Request.
  Time since last request: 0.564892 seconds.
  path: Assets/Characters/Enemies/KnightEnemy/knight_hit.anim
  artifactKey: Guid(faf8dc6dec100c645a829981a2dc8a4b) Importer(815301076,1909f56bfc062723c751e8b465ee728b)
Start importing Assets/Characters/Enemies/KnightEnemy/knight_hit.anim using Guid(faf8dc6dec100c645a829981a2dc8a4b) Importer(815301076,1909f56bfc062723c751e8b465ee728b)  -> (artifact id: '1d55f154684476f33a3bc4797ca04827') in 0.037294 seconds 
========================================================================
Received Import Request.
  Time since last request: 1.082049 seconds.
  path: Assets/Characters/Enemies/KnightEnemy/knight_idle.anim
  artifactKey: Guid(cd9f102b05069a8428d96a9097a2dcd8) Importer(815301076,1909f56bfc062723c751e8b465ee728b)
Start importing Assets/Characters/Enemies/KnightEnemy/knight_idle.anim using Guid(cd9f102b05069a8428d96a9097a2dcd8) Importer(815301076,1909f56bfc062723c751e8b465ee728b)  -> (artifact id: 'ac89409874092fb42b56722a2a862d6f') in 0.030419 seconds 
========================================================================
Received Import Request.
  Time since last request: 2.009779 seconds.
  path: Assets/Characters/Enemies/KnightEnemy/knight_run.anim
  artifactKey: Guid(6f7fd0f8cf9dbc040a4084dd28ba9f43) Importer(815301076,1909f56bfc062723c751e8b465ee728b)
Start importing Assets/Characters/Enemies/KnightEnemy/knight_run.anim using Guid(6f7fd0f8cf9dbc040a4084dd28ba9f43) Importer(815301076,1909f56bfc062723c751e8b465ee728b)  -> (artifact id: 'dee8909f8d9422523340298e0db50f57') in 0.039159 seconds 
========================================================================
Received Import Request.
  Time since last request: 12.864852 seconds.
  path: Assets/Characters/Enemies/BanditEnemy/bandit_hit.anim
  artifactKey: Guid(b9b6dfb0ef1dbca41ad474a9518c9aab) Importer(815301076,1909f56bfc062723c751e8b465ee728b)
Start importing Assets/Characters/Enemies/BanditEnemy/bandit_hit.anim using Guid(b9b6dfb0ef1dbca41ad474a9518c9aab) Importer(815301076,1909f56bfc062723c751e8b465ee728b)  -> (artifact id: '1e15980caeb738fb5e4f0a902ae6713c') in 0.031796 seconds 
========================================================================
Received Import Request.
  Time since last request: 4.551582 seconds.
  path: Assets/Characters/Enemies/BanditEnemy/bandit_run.anim
  artifactKey: Guid(ca375085eb1b72847b2aa38e223a85e5) Importer(815301076,1909f56bfc062723c751e8b465ee728b)
Start importing Assets/Characters/Enemies/BanditEnemy/bandit_run.anim using Guid(ca375085eb1b72847b2aa38e223a85e5) Importer(815301076,1909f56bfc062723c751e8b465ee728b)  -> (artifact id: '5b1ad2129f6474c960b2dd6a94982521') in 0.037320 seconds 
========================================================================
Received Import Request.
  Time since last request: 123.956832 seconds.
  path: Assets/Characters/Enemies/KnightEnemy/AC_Knight.controller
  artifactKey: Guid(f1c5404905ab77f4c96ae8a9454ad1a4) Importer(815301076,1909f56bfc062723c751e8b465ee728b)
Start importing Assets/Characters/Enemies/KnightEnemy/AC_Knight.controller using Guid(f1c5404905ab77f4c96ae8a9454ad1a4) Importer(815301076,1909f56bfc062723c751e8b465ee728b)  -> (artifact id: '66ec7268a7b425a004cce971b3991409') in 0.054484 seconds 
========================================================================
Received Import Request.
  Time since last request: 241720.780288 seconds.
  path: Assets/Characters/Enemies/KnightEnemy/AC_Knight.controller
  artifactKey: Guid(f1c5404905ab77f4c96ae8a9454ad1a4) Importer(815301076,1909f56bfc062723c751e8b465ee728b)
Start importing Assets/Characters/Enemies/KnightEnemy/AC_Knight.controller using Guid(f1c5404905ab77f4c96ae8a9454ad1a4) Importer(815301076,1909f56bfc062723c751e8b465ee728b)  -> (artifact id: '58a5dfbca914c91780a5484412d63c21') in 0.615113 seconds 
========================================================================
Received Import Request.
  Time since last request: 97.796662 seconds.
  path: Assets/Characters/Enemies/BanditEnemy/AC_Bandit.controller
  artifactKey: Guid(b3dd78b6880f1044fbb196d12ff82880) Importer(815301076,1909f56bfc062723c751e8b465ee728b)
Start importing Assets/Characters/Enemies/BanditEnemy/AC_Bandit.controller using Guid(b3dd78b6880f1044fbb196d12ff82880) Importer(815301076,1909f56bfc062723c751e8b465ee728b)  -> (artifact id: '69b8d579168d42fda07797b371976775') in 0.073084 seconds 
