Using pre-set license
Built from '2021.3/staging' branch; Version is '2021.3.18f1 (3129e69bc0c7) revision 3221990'; Using compiler version '192829333'; Build Type 'Release'
OS: 'Windows 10  (10.0.19045) 64bit Core' Language: 'en' Physical Memory: 8045 MB
BatchMode: 1, IsHumanControllingUs: 0, StartBugReporterOnCrash: 0, Is64bit: 1, IsPro: 1

COMMAND LINE ARGUMENTS:
C:\Program Files\Unity\Hub\Editor\2021.3.18f1\Editor\Unity.exe
-adb2
-batchMode
-noUpm
-name
AssetImportWorker5
-projectPath
C:/Users/Ana/Documents/GitHub/PirateGame/PirateAdventure
-logFile
Logs/AssetImportWorker5.log
-srvPort
65352
Successfully changed project path to: C:/Users/Ana/Documents/GitHub/PirateGame/PirateAdventure
C:/Users/Ana/Documents/GitHub/PirateGame/PirateAdventure
[UnityMemory] Configuration Parameters - Can be set up in boot.config
    "memorysetup-bucket-allocator-granularity=16"
    "memorysetup-bucket-allocator-bucket-count=8"
    "memorysetup-bucket-allocator-block-size=33554432"
    "memorysetup-bucket-allocator-block-count=8"
    "memorysetup-main-allocator-block-size=16777216"
    "memorysetup-thread-allocator-block-size=16777216"
    "memorysetup-gfx-main-allocator-block-size=16777216"
    "memorysetup-gfx-thread-allocator-block-size=16777216"
    "memorysetup-cache-allocator-block-size=4194304"
    "memorysetup-typetree-allocator-block-size=2097152"
    "memorysetup-profiler-bucket-allocator-granularity=16"
    "memorysetup-profiler-bucket-allocator-bucket-count=8"
    "memorysetup-profiler-bucket-allocator-block-size=33554432"
    "memorysetup-profiler-bucket-allocator-block-count=8"
    "memorysetup-profiler-allocator-block-size=16777216"
    "memorysetup-profiler-editor-allocator-block-size=1048576"
    "memorysetup-temp-allocator-size-main=16777216"
    "memorysetup-job-temp-allocator-block-size=2097152"
    "memorysetup-job-temp-allocator-block-size-background=1048576"
    "memorysetup-job-temp-allocator-reduction-small-platforms=262144"
    "memorysetup-temp-allocator-size-background-worker=32768"
    "memorysetup-temp-allocator-size-job-worker=262144"
    "memorysetup-temp-allocator-size-preload-manager=33554432"
    "memorysetup-temp-allocator-size-nav-mesh-worker=65536"
    "memorysetup-temp-allocator-size-audio-worker=65536"
    "memorysetup-temp-allocator-size-cloud-worker=32768"
    "memorysetup-temp-allocator-size-gi-baking-worker=262144"
    "memorysetup-temp-allocator-size-gfx=262144"
Player connection [20628] Host "[IP] 192.168.1.80 [Port] 0 [Flags] 2 [Guid] 456462060 [EditorId] 456462060 [Version] 1048832 [Id] WindowsEditor(7,DESKTOP-LH9DSS3) [Debug] 1 [PackageName] WindowsEditor [ProjectName] Editor" joined multi-casting on [225.0.0.222:54997]...

Player connection [20628] Host "[IP] 192.168.1.80 [Port] 0 [Flags] 2 [Guid] 456462060 [EditorId] 456462060 [Version] 1048832 [Id] WindowsEditor(7,DESKTOP-LH9DSS3) [Debug] 1 [PackageName] WindowsEditor [ProjectName] Editor" joined alternative multi-casting on [225.0.0.222:34997]...

Refreshing native plugins compatible for Editor in 1021.23 ms, found 4 plugins.
Preloading 0 native plugins for Editor in 0.00 ms.
Initialize engine version: 2021.3.18f1 (3129e69bc0c7)
[Subsystems] Discovering subsystems at path C:/Program Files/Unity/Hub/Editor/2021.3.18f1/Editor/Data/Resources/UnitySubsystems
[Subsystems] Discovering subsystems at path C:/Users/Ana/Documents/GitHub/PirateGame/PirateAdventure/Assets
GfxDevice: creating device client; threaded=0; jobified=0
Direct3D:
    Version:  Direct3D 11.0 [level 11.1]
    Renderer: AMD Radeon(TM) R5 M430 (ID=0x6660)
    Vendor:   ATI
    VRAM:     2039 MB
    Driver:   21.19.512.4
Initialize mono
Mono path[0] = 'C:/Program Files/Unity/Hub/Editor/2021.3.18f1/Editor/Data/Managed'
Mono path[1] = 'C:/Program Files/Unity/Hub/Editor/2021.3.18f1/Editor/Data/MonoBleedingEdge/lib/mono/unityjit-win32'
Mono config path = 'C:/Program Files/Unity/Hub/Editor/2021.3.18f1/Editor/Data/MonoBleedingEdge/etc'
Using monoOptions --debugger-agent=transport=dt_socket,embedding=1,server=y,suspend=n,address=127.0.0.1:56956
Begin MonoManager ReloadAssembly
Registering precompiled unity dll's ...
Register platform support module: C:/Program Files/Unity/Hub/Editor/2021.3.18f1/Editor/Data/PlaybackEngines/AndroidPlayer/UnityEditor.Android.Extensions.dll
Register platform support module: C:/Program Files/Unity/Hub/Editor/2021.3.18f1/Editor/Data/PlaybackEngines/iOSSupport/UnityEditor.iOS.Extensions.dll
Register platform support module: C:/Program Files/Unity/Hub/Editor/2021.3.18f1/Editor/Data/PlaybackEngines/WindowsStandaloneSupport/UnityEditor.WindowsStandalone.Extensions.dll
Registered in 0.043265 seconds.
Native extension for WindowsStandalone target not found
[usbmuxd] Start listen thread
[usbmuxd] Listen thread started
[usbmuxd] Send listen message
Native extension for iOS target not found
Native extension for Android target not found
Android Extension - Scanning For ADB Devices 658 ms
Refreshing native plugins compatible for Editor in 337.18 ms, found 4 plugins.
Preloading 0 native plugins for Editor in 0.00 ms.
Mono: successfully reloaded assembly
- Completed reload, in  2.899 seconds
Domain Reload Profiling:
	ReloadAssembly (2900ms)
		BeginReloadAssembly (318ms)
			ExecutionOrderSort (0ms)
			DisableScriptedObjects (0ms)
			BackupInstance (0ms)
			ReleaseScriptingObjects (0ms)
			CreateAndSetChildDomain (1ms)
		EndReloadAssembly (2049ms)
			LoadAssemblies (317ms)
			RebuildTransferFunctionScriptingTraits (0ms)
			SetupTypeCache (329ms)
			ReleaseScriptCaches (0ms)
			RebuildScriptCaches (63ms)
			SetupLoadedEditorAssemblies (1529ms)
				LogAssemblyErrors (0ms)
				InitializePlatformSupportModulesInManaged (870ms)
				SetLoadedEditorAssemblies (0ms)
				RefreshPlugins (337ms)
				BeforeProcessingInitializeOnLoad (2ms)
				ProcessInitializeOnLoadAttributes (216ms)
				ProcessInitializeOnLoadMethodAttributes (103ms)
				AfterProcessingInitializeOnLoad (0ms)
				EditorAssembliesLoaded (0ms)
			ExecutionOrderSort2 (0ms)
			AwakeInstancesAfterBackupRestoration (0ms)
Platform modules already initialized, skipping
Registering precompiled user dll's ...
Registered in 0.018653 seconds.
Begin MonoManager ReloadAssembly
Symbol file LoadedFromMemory doesn't match image C:\Users\Ana\Documents\GitHub\PirateGame\PirateAdventure\Library\PackageCache\com.unity.visualscripting@1.8.0\Editor\VisualScripting.Core\Dependencies\YamlDotNet\Unity.VisualScripting.YamlDotNet.dll
Symbol file LoadedFromMemory doesn't match image C:\Users\Ana\Documents\GitHub\PirateGame\PirateAdventure\Library\PackageCache\com.unity.visualscripting@1.8.0\Editor\VisualScripting.Core\Dependencies\DotNetZip\Unity.VisualScripting.IonicZip.dll
Native extension for WindowsStandalone target not found
Native extension for iOS target not found
Native extension for Android target not found
Refreshing native plugins compatible for Editor in 365.73 ms, found 4 plugins.
Preloading 0 native plugins for Editor in 0.00 ms.
Mono: successfully reloaded assembly
- Completed reload, in  4.505 seconds
Domain Reload Profiling:
	ReloadAssembly (4507ms)
		BeginReloadAssembly (280ms)
			ExecutionOrderSort (0ms)
			DisableScriptedObjects (18ms)
			BackupInstance (0ms)
			ReleaseScriptingObjects (0ms)
			CreateAndSetChildDomain (42ms)
		EndReloadAssembly (3863ms)
			LoadAssemblies (459ms)
			RebuildTransferFunctionScriptingTraits (0ms)
			SetupTypeCache (937ms)
			ReleaseScriptCaches (2ms)
			RebuildScriptCaches (191ms)
			SetupLoadedEditorAssemblies (2087ms)
				LogAssemblyErrors (0ms)
				InitializePlatformSupportModulesInManaged (59ms)
				SetLoadedEditorAssemblies (1ms)
				RefreshPlugins (366ms)
				BeforeProcessingInitializeOnLoad (458ms)
				ProcessInitializeOnLoadAttributes (981ms)
				ProcessInitializeOnLoadMethodAttributes (204ms)
				AfterProcessingInitializeOnLoad (17ms)
				EditorAssembliesLoaded (1ms)
			ExecutionOrderSort2 (0ms)
			AwakeInstancesAfterBackupRestoration (14ms)
Platform modules already initialized, skipping
========================================================================
Worker process is ready to serve import requests
Launched and connected shader compiler UnityShaderCompiler.exe after 0.14 seconds
Refreshing native plugins compatible for Editor in 2.63 ms, found 4 plugins.
Preloading 0 native plugins for Editor in 0.00 ms.
Unloading 5746 Unused Serialized files (Serialized files now loaded: 0)
Unloading 71 unused Assets / (1.3 MB). Loaded Objects now: 6187.
Memory consumption went from 233.7 MB to 232.4 MB.
Total: 11.132000 ms (FindLiveObjects: 0.751600 ms CreateObjectMapping: 0.782900 ms MarkObjects: 8.184600 ms  DeleteObjects: 1.411500 ms)

AssetImportParameters requested are different than current active one (requested -> active):
  custom:video-decoder-ogg-theora: a1e56fd34408186e4bbccfd4996cb3dc -> 
  custom:container-muxer-webm: aa71ff27fc2769a1b78a27578f13a17b -> 
  custom:container-demuxer-webm: 4f35f7cbe854078d1ac9338744f61a02 -> 
  custom:video-encoder-webm-vp8: eb34c28f22e8b96e1ab97ce403110664 -> 
  custom:video-codec-MediaFoundation-h265: 746d11721c4dcdbdad8f713fa42b33f4 -> 
  custom:audio-encoder-webm-vorbis: bf7c407c2cedff20999df2af8eb42d56 -> 
  custom:framework-win-MediaFoundation: 216162199b28c13a410421893ffa2e32 -> 
  custom:container-demuxer-ogg: 62fdf1f143b41e24485cea50d1cbac27 -> 
  custom:video-decoder-webm-vp8: 9c59270c3fd7afecdb556c50c9e8de78 -> 
  custom:audio-decoder-ogg-vorbis: bf7c407c2cedff20999df2af8eb42d56 -> 
========================================================================
Received Import Request.
  Time since last request: 1638789.767246 seconds.
  path: Assets/Art/OnlineAssets/kyrises-rpg-icon-pack/icons/16x16/necklace_01d.png
  artifactKey: Guid(0ef839908c19dac49b9be0f4592e5e05) Importer(815301076,1909f56bfc062723c751e8b465ee728b)
Start importing Assets/Art/OnlineAssets/kyrises-rpg-icon-pack/icons/16x16/necklace_01d.png using Guid(0ef839908c19dac49b9be0f4592e5e05) Importer(815301076,1909f56bfc062723c751e8b465ee728b)  -> (artifact id: '61f9c6e4212078aefaa1eccbad02b2c4') in 0.455489 seconds 
========================================================================
Received Import Request.
  Time since last request: 0.000061 seconds.
  path: Assets/Art/OnlineAssets/kyrises-rpg-icon-pack/icons/48x48/necklace_01c.png
  artifactKey: Guid(7c84ccb1035774c43b3f303b9cf3156a) Importer(815301076,1909f56bfc062723c751e8b465ee728b)
Start importing Assets/Art/OnlineAssets/kyrises-rpg-icon-pack/icons/48x48/necklace_01c.png using Guid(7c84ccb1035774c43b3f303b9cf3156a) Importer(815301076,1909f56bfc062723c751e8b465ee728b)  -> (artifact id: '0a219bc6af288227f42565e69fe673e6') in 0.084751 seconds 
========================================================================
Received Import Request.
  Time since last request: 0.000077 seconds.
  path: Packages/com.unity.collab-proxy/Editor/PlasticSCM/Assets/Images/loading.png
  artifactKey: Guid(c6b1bcaa3f4767141acd747384dbb276) Importer(815301076,1909f56bfc062723c751e8b465ee728b)
Start importing Packages/com.unity.collab-proxy/Editor/PlasticSCM/Assets/Images/loading.png using Guid(c6b1bcaa3f4767141acd747384dbb276) Importer(815301076,1909f56bfc062723c751e8b465ee728b)  -> (artifact id: '035c1701fbb87d267afde0d3bf43908a') in 0.058709 seconds 
========================================================================
Received Import Request.
  Time since last request: 0.000025 seconds.
  path: Packages/com.unity.2d.psdimporter/Editor/Assets/Icons/Selected/Layers Separated@8x.png
  artifactKey: Guid(15b1d39ac42ce4674bd63f86f9a0c5df) Importer(815301076,1909f56bfc062723c751e8b465ee728b)
Start importing Packages/com.unity.2d.psdimporter/Editor/Assets/Icons/Selected/Layers Separated@8x.png using Guid(15b1d39ac42ce4674bd63f86f9a0c5df) Importer(815301076,1909f56bfc062723c751e8b465ee728b)  -> (artifact id: '1dad2c0f247fda9c831a5a5faaa21ee6') in 0.114174 seconds 
========================================================================
Received Import Request.
  Time since last request: 0.000043 seconds.
  path: Assets/Art/OnlineAssets/kyrises-rpg-icon-pack/icons/16x16/necklace_01c.png
  artifactKey: Guid(06959a3777e784947a9b1c282fc9d1c8) Importer(815301076,1909f56bfc062723c751e8b465ee728b)
Start importing Assets/Art/OnlineAssets/kyrises-rpg-icon-pack/icons/16x16/necklace_01c.png using Guid(06959a3777e784947a9b1c282fc9d1c8) Importer(815301076,1909f56bfc062723c751e8b465ee728b)  -> (artifact id: 'd26522ef3fdff5f55177b5ba2d1e4ad3') in 0.094110 seconds 
========================================================================
Received Import Request.
  Time since last request: 0.000391 seconds.
  path: Assets/Art/OnlineAssets/kyrises-rpg-icon-pack/icons/48x48/necklace_01b.png
  artifactKey: Guid(ade7754a2d64003448441a5ca0cf0688) Importer(815301076,1909f56bfc062723c751e8b465ee728b)
Start importing Assets/Art/OnlineAssets/kyrises-rpg-icon-pack/icons/48x48/necklace_01b.png using Guid(ade7754a2d64003448441a5ca0cf0688) Importer(815301076,1909f56bfc062723c751e8b465ee728b)  -> (artifact id: 'b183b565908bc13c544a683cdde7498c') in 0.113844 seconds 
========================================================================
Received Import Request.
  Time since last request: 0.000029 seconds.
  path: Assets/Art/OnlineAssets/kyrises-rpg-icon-pack/icons/32x32/necklace_01e.png
  artifactKey: Guid(4b5972b4ecefe7e4184d70410da80914) Importer(815301076,1909f56bfc062723c751e8b465ee728b)
Start importing Assets/Art/OnlineAssets/kyrises-rpg-icon-pack/icons/32x32/necklace_01e.png using Guid(4b5972b4ecefe7e4184d70410da80914) Importer(815301076,1909f56bfc062723c751e8b465ee728b)  -> (artifact id: 'b83373e1d1a1fad3ad925fb1513189ef') in 0.141669 seconds 
========================================================================
Received Import Request.
  Time since last request: 0.000107 seconds.
  path: Assets/Art/OnlineAssets/henrysoftware-freepixelfood/Sprite/Food/MelonCantaloupe.png
  artifactKey: Guid(4dd71f5a6ba179e4a9fa772deb37fe01) Importer(815301076,1909f56bfc062723c751e8b465ee728b)
Start importing Assets/Art/OnlineAssets/henrysoftware-freepixelfood/Sprite/Food/MelonCantaloupe.png using Guid(4dd71f5a6ba179e4a9fa772deb37fe01) Importer(815301076,1909f56bfc062723c751e8b465ee728b)  -> (artifact id: '5551d63605452423fcc8a0f9a8c7823b') in 0.095498 seconds 
========================================================================
Received Import Request.
  Time since last request: 0.000068 seconds.
  path: Assets/Art/OnlineAssets/kyrises-rpg-icon-pack/icons/32x32/necklace_01a.png
  artifactKey: Guid(a89790692aec53d45958e6b86a587d00) Importer(815301076,1909f56bfc062723c751e8b465ee728b)
Start importing Assets/Art/OnlineAssets/kyrises-rpg-icon-pack/icons/32x32/necklace_01a.png using Guid(a89790692aec53d45958e6b86a587d00) Importer(815301076,1909f56bfc062723c751e8b465ee728b)  -> (artifact id: 'e903ef01b71c6c50f97f1b32b3a2a137') in 0.114651 seconds 
========================================================================
Received Import Request.
  Time since last request: 0.000056 seconds.
  path: Assets/Art/OnlineAssets/kyrises-rpg-icon-pack/icons/32x32/necklace_01b.png
  artifactKey: Guid(bb097cfbd51f40b44a2b159f6a47f2e5) Importer(815301076,1909f56bfc062723c751e8b465ee728b)
Start importing Assets/Art/OnlineAssets/kyrises-rpg-icon-pack/icons/32x32/necklace_01b.png using Guid(bb097cfbd51f40b44a2b159f6a47f2e5) Importer(815301076,1909f56bfc062723c751e8b465ee728b)  -> (artifact id: '439c2b857489588dd76a0de7626c846e') in 0.095933 seconds 
========================================================================
Received Import Request.
  Time since last request: 0.000056 seconds.
  path: Assets/Art/OnlineAssets/kyrises-rpg-icon-pack/icons/48x48/necklace_02c.png
  artifactKey: Guid(ee497e2bf66e1b949a4d409915fec49c) Importer(815301076,1909f56bfc062723c751e8b465ee728b)
Start importing Assets/Art/OnlineAssets/kyrises-rpg-icon-pack/icons/48x48/necklace_02c.png using Guid(ee497e2bf66e1b949a4d409915fec49c) Importer(815301076,1909f56bfc062723c751e8b465ee728b)  -> (artifact id: '7edaddaa3ee4422a578c2fa112a18858') in 0.079326 seconds 
========================================================================
Received Import Request.
  Time since last request: 0.000055 seconds.
  path: Packages/com.unity.2d.psdimporter/Editor/Assets/Icons/Light/Layers Separated@4x.png
  artifactKey: Guid(a4a8b6ebb023f4786b192a65f264a697) Importer(815301076,1909f56bfc062723c751e8b465ee728b)
Start importing Packages/com.unity.2d.psdimporter/Editor/Assets/Icons/Light/Layers Separated@4x.png using Guid(a4a8b6ebb023f4786b192a65f264a697) Importer(815301076,1909f56bfc062723c751e8b465ee728b)  -> (artifact id: '37b885d16f85233f9a955f9c2dd61e04') in 0.096543 seconds 
========================================================================
Received Import Request.
  Time since last request: 0.000024 seconds.
  path: Assets/Art/OnlineAssets/kyrises-rpg-icon-pack/icons/16x16/leaf_01a.png
  artifactKey: Guid(05c030d1703dbd443974bb8a3f009d71) Importer(815301076,1909f56bfc062723c751e8b465ee728b)
Start importing Assets/Art/OnlineAssets/kyrises-rpg-icon-pack/icons/16x16/leaf_01a.png using Guid(05c030d1703dbd443974bb8a3f009d71) Importer(815301076,1909f56bfc062723c751e8b465ee728b)  -> (artifact id: '3ac39a47449830940dacec928fa65298') in 0.090409 seconds 
========================================================================
Received Import Request.
  Time since last request: 0.000401 seconds.
  path: Packages/com.unity.2d.psdimporter/Editor/Assets/Icons/Light/Layers Separated@16x.png
  artifactKey: Guid(0c6027d31d0b44acbb45af1bcf05e0db) Importer(815301076,1909f56bfc062723c751e8b465ee728b)
Start importing Packages/com.unity.2d.psdimporter/Editor/Assets/Icons/Light/Layers Separated@16x.png using Guid(0c6027d31d0b44acbb45af1bcf05e0db) Importer(815301076,1909f56bfc062723c751e8b465ee728b)  -> (artifact id: '03c61ec83f8533d43bb83da70eb00d8e') in 0.122369 seconds 
========================================================================
Received Import Request.
  Time since last request: 0.000051 seconds.
  path: Packages/com.unity.2d.psdimporter/Editor/Assets/Icons/Selected/Layers Separated@2x.png
  artifactKey: Guid(91897a07e69db49ff88db92f445ba845) Importer(815301076,1909f56bfc062723c751e8b465ee728b)
Start importing Packages/com.unity.2d.psdimporter/Editor/Assets/Icons/Selected/Layers Separated@2x.png using Guid(91897a07e69db49ff88db92f445ba845) Importer(815301076,1909f56bfc062723c751e8b465ee728b)  -> (artifact id: '0c9ac1710e202dead59d6b840a9bf223') in 0.130773 seconds 
========================================================================
Received Import Request.
  Time since last request: 0.000058 seconds.
  path: Packages/com.unity.collab-proxy/Editor/PlasticSCM/Assets/Images/loading@2x.png
  artifactKey: Guid(5dbc069eb79bd4d43840847264d6d956) Importer(815301076,1909f56bfc062723c751e8b465ee728b)
Start importing Packages/com.unity.collab-proxy/Editor/PlasticSCM/Assets/Images/loading@2x.png using Guid(5dbc069eb79bd4d43840847264d6d956) Importer(815301076,1909f56bfc062723c751e8b465ee728b)  -> (artifact id: '2496715a0f31211d303315f4bb4273c8') in 0.119592 seconds 
========================================================================
Received Import Request.
  Time since last request: 0.000037 seconds.
  path: Assets/Art/OnlineAssets/henrysoftware-freepixelfood/Sprite/Food/Lemon.png
  artifactKey: Guid(62ea3073b49e56940bfa46b63af57760) Importer(815301076,1909f56bfc062723c751e8b465ee728b)
Start importing Assets/Art/OnlineAssets/henrysoftware-freepixelfood/Sprite/Food/Lemon.png using Guid(62ea3073b49e56940bfa46b63af57760) Importer(815301076,1909f56bfc062723c751e8b465ee728b)  -> (artifact id: '6d30298f8e96845337e11853d5c7d748') in 0.153303 seconds 
========================================================================
Received Import Request.
  Time since last request: 0.000045 seconds.
  path: Packages/com.unity.2d.animation/Editor/Assets/SkinningModule/Icons/Light/Mesh.png
  artifactKey: Guid(24f90d3fa2df5c84abbf1455cfda472e) Importer(815301076,1909f56bfc062723c751e8b465ee728b)
Start importing Packages/com.unity.2d.animation/Editor/Assets/SkinningModule/Icons/Light/Mesh.png using Guid(24f90d3fa2df5c84abbf1455cfda472e) Importer(815301076,1909f56bfc062723c751e8b465ee728b)  -> (artifact id: '3c9cb64dd07b80160c194305ef6a4c9b') in 0.159358 seconds 
========================================================================
Received Import Request.
  Time since last request: 0.000035 seconds.
  path: Packages/com.unity.inputsystem/InputSystem/Editor/Icons/MultiplayerEventSystem@64.png
  artifactKey: Guid(6a237171e2346e3458db37eb0f90d42b) Importer(815301076,1909f56bfc062723c751e8b465ee728b)
Start importing Packages/com.unity.inputsystem/InputSystem/Editor/Icons/MultiplayerEventSystem@64.png using Guid(6a237171e2346e3458db37eb0f90d42b) Importer(815301076,1909f56bfc062723c751e8b465ee728b)  -> (artifact id: 'abc146c7e179ec78af1ff40910a7c8c2') in 0.117648 seconds 
========================================================================
Received Import Request.
  Time since last request: 0.000031 seconds.
  path: Assets/Art/OnlineAssets/kyrises-rpg-icon-pack/icons/32x32/necklace_01c.png
  artifactKey: Guid(68e89a9e0506a6a4b9cf30394095b9cb) Importer(815301076,1909f56bfc062723c751e8b465ee728b)
Start importing Assets/Art/OnlineAssets/kyrises-rpg-icon-pack/icons/32x32/necklace_01c.png using Guid(68e89a9e0506a6a4b9cf30394095b9cb) Importer(815301076,1909f56bfc062723c751e8b465ee728b)  -> (artifact id: '3afe737cfae15e1a59fbd0d8590e104a') in 0.148069 seconds 
========================================================================
Received Import Request.
  Time since last request: 0.000051 seconds.
  path: Packages/com.unity.2d.psdimporter/Editor/Assets/Icons/Dark/Layers Separated@16x.png
  artifactKey: Guid(1f3420e9f7420411a8aac27743b35e29) Importer(815301076,1909f56bfc062723c751e8b465ee728b)
Start importing Packages/com.unity.2d.psdimporter/Editor/Assets/Icons/Dark/Layers Separated@16x.png using Guid(1f3420e9f7420411a8aac27743b35e29) Importer(815301076,1909f56bfc062723c751e8b465ee728b)  -> (artifact id: '14f112b4ac4de6a701535d03ee295fe1') in 0.146745 seconds 
========================================================================
Received Import Request.
  Time since last request: 0.000031 seconds.
  path: Assets/Art/OnlineAssets/kyrises-rpg-icon-pack/icons/32x32/leaf_01a.png
  artifactKey: Guid(075f7a3742191f94a8a04ebd21bb1cf7) Importer(815301076,1909f56bfc062723c751e8b465ee728b)
Start importing Assets/Art/OnlineAssets/kyrises-rpg-icon-pack/icons/32x32/leaf_01a.png using Guid(075f7a3742191f94a8a04ebd21bb1cf7) Importer(815301076,1909f56bfc062723c751e8b465ee728b)  -> (artifact id: 'b4434f1ed7558213c6208002224a04e2') in 0.095715 seconds 
========================================================================
Received Import Request.
  Time since last request: 0.000149 seconds.
  path: Packages/com.unity.inputsystem/InputSystem/Editor/Icons/Mouse@2x.png
  artifactKey: Guid(9721efa02e520488d96c36460fe7e4a6) Importer(815301076,1909f56bfc062723c751e8b465ee728b)
Start importing Packages/com.unity.inputsystem/InputSystem/Editor/Icons/Mouse@2x.png using Guid(9721efa02e520488d96c36460fe7e4a6) Importer(815301076,1909f56bfc062723c751e8b465ee728b)  -> (artifact id: '4eb05a0363698ecf12d7c27dd3384846') in 0.669093 seconds 
========================================================================
Received Import Request.
  Time since last request: 0.000039 seconds.
  path: Packages/com.unity.2d.psdimporter/Editor/Assets/Icons/Selected/Layers Separated@16x.png
  artifactKey: Guid(5e2b00fc2e687454b8c7dcf6cb8226d7) Importer(815301076,1909f56bfc062723c751e8b465ee728b)
Start importing Packages/com.unity.2d.psdimporter/Editor/Assets/Icons/Selected/Layers Separated@16x.png using Guid(5e2b00fc2e687454b8c7dcf6cb8226d7) Importer(815301076,1909f56bfc062723c751e8b465ee728b)  -> (artifact id: '0a1eed087db7330ffa9f77e38e7a64e9') in 0.118411 seconds 
========================================================================
Received Import Request.
  Time since last request: 0.000483 seconds.
  path: Assets/Art/OnlineAssets/kyrises-rpg-icon-pack/icons/48x48/leaf_01a.png
  artifactKey: Guid(33fc0e506bf391d46ba43956f77fafab) Importer(815301076,1909f56bfc062723c751e8b465ee728b)
Start importing Assets/Art/OnlineAssets/kyrises-rpg-icon-pack/icons/48x48/leaf_01a.png using Guid(33fc0e506bf391d46ba43956f77fafab) Importer(815301076,1909f56bfc062723c751e8b465ee728b)  -> (artifact id: 'f57493ade1527ddb2d6e902644cf62ec') in 0.097213 seconds 
========================================================================
Received Import Request.
  Time since last request: 0.000042 seconds.
  path: Packages/com.unity.2d.psdimporter/Editor/Assets/Icons/Selected/Layers Separated@1x.png
  artifactKey: Guid(346d40e23f03e4f48bdda501fffa178a) Importer(815301076,1909f56bfc062723c751e8b465ee728b)
Start importing Packages/com.unity.2d.psdimporter/Editor/Assets/Icons/Selected/Layers Separated@1x.png using Guid(346d40e23f03e4f48bdda501fffa178a) Importer(815301076,1909f56bfc062723c751e8b465ee728b)  -> (artifact id: 'b8d977a9a574765be208eb3f63592d7c') in 0.123981 seconds 
========================================================================
Received Import Request.
  Time since last request: 0.000058 seconds.
  path: Packages/com.unity.inputsystem/InputSystem/Editor/Icons/Mouse@3x.png
  artifactKey: Guid(05bbafd21bf3c4cca93cb8ddfbbd4070) Importer(815301076,1909f56bfc062723c751e8b465ee728b)
Start importing Packages/com.unity.inputsystem/InputSystem/Editor/Icons/Mouse@3x.png using Guid(05bbafd21bf3c4cca93cb8ddfbbd4070) Importer(815301076,1909f56bfc062723c751e8b465ee728b)  -> (artifact id: '8f22e74963458ed67df596d0d94ab67e') in 0.101964 seconds 
========================================================================
Received Import Request.
  Time since last request: 0.000033 seconds.
  path: Assets/Art/OnlineAssets/kyrises-rpg-icon-pack/icons/16x16/necklace_01a.png
  artifactKey: Guid(14e298f111610874794aa8b1060f2a26) Importer(815301076,1909f56bfc062723c751e8b465ee728b)
Start importing Assets/Art/OnlineAssets/kyrises-rpg-icon-pack/icons/16x16/necklace_01a.png using Guid(14e298f111610874794aa8b1060f2a26) Importer(815301076,1909f56bfc062723c751e8b465ee728b)  -> (artifact id: 'af90bfa5bb4f60bcfa8d280a9493f74a') in 0.054529 seconds 
========================================================================
Received Import Request.
  Time since last request: 0.000036 seconds.
  path: Assets/Art/OnlineAssets/kyrises-rpg-icon-pack/icons/32x32/necklace_02b.png
  artifactKey: Guid(067c189f4c150ef48bbb85289ce20cc2) Importer(815301076,1909f56bfc062723c751e8b465ee728b)
Start importing Assets/Art/OnlineAssets/kyrises-rpg-icon-pack/icons/32x32/necklace_02b.png using Guid(067c189f4c150ef48bbb85289ce20cc2) Importer(815301076,1909f56bfc062723c751e8b465ee728b)  -> (artifact id: '515b82fdac04d1a7767f730babdce75e') in 0.063641 seconds 
========================================================================
Received Import Request.
  Time since last request: 0.000045 seconds.
  path: Packages/com.unity.inputsystem/InputSystem/Editor/Icons/Mouse.png
  artifactKey: Guid(9eb2b64988cb1443cab6da5dc5300d1c) Importer(815301076,1909f56bfc062723c751e8b465ee728b)
Start importing Packages/com.unity.inputsystem/InputSystem/Editor/Icons/Mouse.png using Guid(9eb2b64988cb1443cab6da5dc5300d1c) Importer(815301076,1909f56bfc062723c751e8b465ee728b)  -> (artifact id: 'b14285e854bb666e5c224c10e94944d6') in 0.056669 seconds 
========================================================================
Received Import Request.
  Time since last request: 0.000032 seconds.
  path: Packages/com.unity.2d.psdimporter/Editor/Assets/Icons/Dark/Layers Mixed@16x.png
  artifactKey: Guid(cce85e132a43842a09301fd497983f25) Importer(815301076,1909f56bfc062723c751e8b465ee728b)
Start importing Packages/com.unity.2d.psdimporter/Editor/Assets/Icons/Dark/Layers Mixed@16x.png using Guid(cce85e132a43842a09301fd497983f25) Importer(815301076,1909f56bfc062723c751e8b465ee728b)  -> (artifact id: '66fdbeb99e868c34a6339c5432ba5dbb') in 0.065103 seconds 
========================================================================
Received Import Request.
  Time since last request: 0.000037 seconds.
  path: Assets/Art/OnlineAssets/kyrises-rpg-icon-pack/icons/16x16/necklace_02c.png
  artifactKey: Guid(bb190dae841fbfe4e9132d668fd2976a) Importer(815301076,1909f56bfc062723c751e8b465ee728b)
Start importing Assets/Art/OnlineAssets/kyrises-rpg-icon-pack/icons/16x16/necklace_02c.png using Guid(bb190dae841fbfe4e9132d668fd2976a) Importer(815301076,1909f56bfc062723c751e8b465ee728b)  -> (artifact id: 'ff0d41fcae0481dca98d8256401984e6') in 0.066351 seconds 
========================================================================
Received Import Request.
  Time since last request: 0.000046 seconds.
  path: Assets/Art/OnlineAssets/kyrises-rpg-icon-pack/icons/16x16/necklace_02d.png
  artifactKey: Guid(b3f372bb94d340842b516ab1766f3e05) Importer(815301076,1909f56bfc062723c751e8b465ee728b)
Start importing Assets/Art/OnlineAssets/kyrises-rpg-icon-pack/icons/16x16/necklace_02d.png using Guid(b3f372bb94d340842b516ab1766f3e05) Importer(815301076,1909f56bfc062723c751e8b465ee728b)  -> (artifact id: 'a22a254b5690bc98425c1ed181a5f388') in 0.065317 seconds 
========================================================================
Received Import Request.
  Time since last request: 0.000052 seconds.
  path: Assets/Art/OnlineAssets/Pet Cats pack/Sprites/Meow-VFX/Meow-VFX.png
  artifactKey: Guid(95d6cf940d9b66d42b54ab1988b4bd42) Importer(815301076,1909f56bfc062723c751e8b465ee728b)
Start importing Assets/Art/OnlineAssets/Pet Cats pack/Sprites/Meow-VFX/Meow-VFX.png using Guid(95d6cf940d9b66d42b54ab1988b4bd42) Importer(815301076,1909f56bfc062723c751e8b465ee728b)  -> (artifact id: 'cd79b64f26916982cb2182053b8cace4') in 0.063938 seconds 
========================================================================
Received Import Request.
  Time since last request: 0.000035 seconds.
  path: Packages/com.unity.inputsystem/InputSystem/Editor/Icons/Mouse@4x.png
  artifactKey: Guid(a0b78c5ab9d654a9daba91ff774b4931) Importer(815301076,1909f56bfc062723c751e8b465ee728b)
Start importing Packages/com.unity.inputsystem/InputSystem/Editor/Icons/Mouse@4x.png using Guid(a0b78c5ab9d654a9daba91ff774b4931) Importer(815301076,1909f56bfc062723c751e8b465ee728b)  -> (artifact id: '58ba88b491fa0eae51ec64d61c5deeb4') in 0.048297 seconds 
========================================================================
Received Import Request.
  Time since last request: 0.000078 seconds.
  path: Assets/Art/OnlineAssets/kyrises-rpg-icon-pack/icons/16x16/necklace_01b.png
  artifactKey: Guid(2de956dcac29d2649a3b66ee224c2b8a) Importer(815301076,1909f56bfc062723c751e8b465ee728b)
Start importing Assets/Art/OnlineAssets/kyrises-rpg-icon-pack/icons/16x16/necklace_01b.png using Guid(2de956dcac29d2649a3b66ee224c2b8a) Importer(815301076,1909f56bfc062723c751e8b465ee728b)  -> (artifact id: 'd0ebc2c0c9322cad0a649e01329ab5dd') in 0.056851 seconds 
========================================================================
Received Import Request.
  Time since last request: 0.000051 seconds.
  path: Assets/Art/OnlineAssets/freecutetileset/Mockup2x.png
  artifactKey: Guid(10505699658d13d4b91528a159fb7081) Importer(815301076,1909f56bfc062723c751e8b465ee728b)
Start importing Assets/Art/OnlineAssets/freecutetileset/Mockup2x.png using Guid(10505699658d13d4b91528a159fb7081) Importer(815301076,1909f56bfc062723c751e8b465ee728b)  -> (artifact id: 'a769f695a82e2ad2215cdace390a063d') in 0.092439 seconds 
========================================================================
Received Import Request.
  Time since last request: 0.000049 seconds.
  path: Assets/Art/OnlineAssets/henrysoftware-freepixelfood/Sprite/Food/MelonHoneydew.png
  artifactKey: Guid(3d9dbc9e2913dff4abde07ca36a33066) Importer(815301076,1909f56bfc062723c751e8b465ee728b)
Start importing Assets/Art/OnlineAssets/henrysoftware-freepixelfood/Sprite/Food/MelonHoneydew.png using Guid(3d9dbc9e2913dff4abde07ca36a33066) Importer(815301076,1909f56bfc062723c751e8b465ee728b)  -> (artifact id: '8f2ef3213814d7cbcbfd0f92ba0694b8') in 0.060961 seconds 
========================================================================
Received Import Request.
  Time since last request: 0.000048 seconds.
  path: Packages/com.unity.2d.psdimporter/Editor/Assets/Icons/Selected/Layers Separated@4x.png
  artifactKey: Guid(3117700da371f4f3b932c026b648284d) Importer(815301076,1909f56bfc062723c751e8b465ee728b)
Start importing Packages/com.unity.2d.psdimporter/Editor/Assets/Icons/Selected/Layers Separated@4x.png using Guid(3117700da371f4f3b932c026b648284d) Importer(815301076,1909f56bfc062723c751e8b465ee728b)  -> (artifact id: '97c103c8b3fe97a3e9c78c6cb0ba5117') in 0.052724 seconds 
========================================================================
Received Import Request.
  Time since last request: 0.000033 seconds.
  path: Assets/Art/OnlineAssets/kyrises-rpg-icon-pack/icons/16x16/necklace_02a.png
  artifactKey: Guid(f1550bf0482defd49819980d7c42b07c) Importer(815301076,1909f56bfc062723c751e8b465ee728b)
Start importing Assets/Art/OnlineAssets/kyrises-rpg-icon-pack/icons/16x16/necklace_02a.png using Guid(f1550bf0482defd49819980d7c42b07c) Importer(815301076,1909f56bfc062723c751e8b465ee728b)  -> (artifact id: 'f652b25135fec634013b65d2a337eec3') in 0.065497 seconds 
========================================================================
Received Import Request.
  Time since last request: 0.000104 seconds.
  path: Packages/com.unity.2d.psdimporter/Editor/Assets/Icons/Light/Layers Separated@8x.png
  artifactKey: Guid(2634b0c913a9a4431a8702825a79ca31) Importer(815301076,1909f56bfc062723c751e8b465ee728b)
Start importing Packages/com.unity.2d.psdimporter/Editor/Assets/Icons/Light/Layers Separated@8x.png using Guid(2634b0c913a9a4431a8702825a79ca31) Importer(815301076,1909f56bfc062723c751e8b465ee728b)  -> (artifact id: '80fe7b293c30beed34e84035df85b83e') in 0.056076 seconds 
========================================================================
Received Import Request.
  Time since last request: 0.000043 seconds.
  path: Assets/Art/OnlineAssets/kyrises-rpg-icon-pack/icons/48x48/necklace_01a.png
  artifactKey: Guid(dfb6fcd6dcca65c4dbe10f9ca5650dfc) Importer(815301076,1909f56bfc062723c751e8b465ee728b)
Start importing Assets/Art/OnlineAssets/kyrises-rpg-icon-pack/icons/48x48/necklace_01a.png using Guid(dfb6fcd6dcca65c4dbe10f9ca5650dfc) Importer(815301076,1909f56bfc062723c751e8b465ee728b)  -> (artifact id: '4d83c67822ef510d4955272a8b1a9ce5') in 0.066325 seconds 
========================================================================
Received Import Request.
  Time since last request: 0.000335 seconds.
  path: Assets/Art/OnlineAssets/henrysoftware-freepixelfood/Sprite/Food/MelonWater.png
  artifactKey: Guid(8570c189a28e22145ac611fc417acd64) Importer(815301076,1909f56bfc062723c751e8b465ee728b)
Start importing Assets/Art/OnlineAssets/henrysoftware-freepixelfood/Sprite/Food/MelonWater.png using Guid(8570c189a28e22145ac611fc417acd64) Importer(815301076,1909f56bfc062723c751e8b465ee728b)  -> (artifact id: 'f3b01b4678254a09f117a0676b620641') in 0.077414 seconds 
========================================================================
Received Import Request.
  Time since last request: 0.000029 seconds.
  path: Assets/Art/OnlineAssets/henrysoftware-freepixelfood/Sprite/Food/Marmalade.png
  artifactKey: Guid(4f05b20a28cd0394a9dfe5ad2dd89981) Importer(815301076,1909f56bfc062723c751e8b465ee728b)
Start importing Assets/Art/OnlineAssets/henrysoftware-freepixelfood/Sprite/Food/Marmalade.png using Guid(4f05b20a28cd0394a9dfe5ad2dd89981) Importer(815301076,1909f56bfc062723c751e8b465ee728b)  -> (artifact id: 'bfbae18d58626f696611c573fcc841a6') in 0.056054 seconds 
========================================================================
Received Import Request.
  Time since last request: 0.000031 seconds.
  path: Assets/Art/OnlineAssets/kyrises-rpg-icon-pack/icons/16x16/necklace_01e.png
  artifactKey: Guid(535ca49c446ffd74cbf1bf301ae70403) Importer(815301076,1909f56bfc062723c751e8b465ee728b)
Start importing Assets/Art/OnlineAssets/kyrises-rpg-icon-pack/icons/16x16/necklace_01e.png using Guid(535ca49c446ffd74cbf1bf301ae70403) Importer(815301076,1909f56bfc062723c751e8b465ee728b)  -> (artifact id: 'c6decf24b8722fec5943d6e2783b99ee') in 0.056905 seconds 
========================================================================
Received Import Request.
  Time since last request: 0.000041 seconds.
  path: Packages/com.unity.2d.psdimporter/Editor/Assets/Icons/Dark/Layers Separated@1x.png
  artifactKey: Guid(9c68e002c59804ee7973df039508cc37) Importer(815301076,1909f56bfc062723c751e8b465ee728b)
Start importing Packages/com.unity.2d.psdimporter/Editor/Assets/Icons/Dark/Layers Separated@1x.png using Guid(9c68e002c59804ee7973df039508cc37) Importer(815301076,1909f56bfc062723c751e8b465ee728b)  -> (artifact id: '766ab06d2f413415aad7e1ca3ee52677') in 0.057449 seconds 
========================================================================
Received Import Request.
  Time since last request: 0.000031 seconds.
  path: Assets/Art/OnlineAssets/kyrises-rpg-icon-pack/icons/16x16/necklace_02b.png
  artifactKey: Guid(2169a75107fa8c646bf981564efb9009) Importer(815301076,1909f56bfc062723c751e8b465ee728b)
Start importing Assets/Art/OnlineAssets/kyrises-rpg-icon-pack/icons/16x16/necklace_02b.png using Guid(2169a75107fa8c646bf981564efb9009) Importer(815301076,1909f56bfc062723c751e8b465ee728b)  -> (artifact id: '03cf80990ee54d0727d8c7e426bff88a') in 0.064354 seconds 
========================================================================
Received Import Request.
  Time since last request: 0.000037 seconds.
  path: Assets/Art/OnlineAssets/henrysoftware-freepixelfood/Sprite/Food/Moonshine.png
  artifactKey: Guid(ceb7d4ba1e853c741a565484d3f1af4b) Importer(815301076,1909f56bfc062723c751e8b465ee728b)
Start importing Assets/Art/OnlineAssets/henrysoftware-freepixelfood/Sprite/Food/Moonshine.png using Guid(ceb7d4ba1e853c741a565484d3f1af4b) Importer(815301076,1909f56bfc062723c751e8b465ee728b)  -> (artifact id: '1bcc307b97bdcf64e1832169cfd6dfb9') in 0.067502 seconds 
========================================================================
Received Import Request.
  Time since last request: 0.000042 seconds.
  path: Assets/Art/OnlineAssets/kyrises-rpg-icon-pack/icons/48x48/necklace_02a.png
  artifactKey: Guid(c3b12b3e29ef76645aefc54b07749028) Importer(815301076,1909f56bfc062723c751e8b465ee728b)
Start importing Assets/Art/OnlineAssets/kyrises-rpg-icon-pack/icons/48x48/necklace_02a.png using Guid(c3b12b3e29ef76645aefc54b07749028) Importer(815301076,1909f56bfc062723c751e8b465ee728b)  -> (artifact id: 'c765f5eec5874d77ce363515704b8b70') in 0.065394 seconds 
========================================================================
Received Import Request.
  Time since last request: 0.000058 seconds.
  path: Packages/com.unity.2d.psdimporter/Editor/Assets/Icons/Dark/Layers Separated@4x.png
  artifactKey: Guid(03a0f27e9b08047889b3f5e7f0c23ff7) Importer(815301076,1909f56bfc062723c751e8b465ee728b)
Start importing Packages/com.unity.2d.psdimporter/Editor/Assets/Icons/Dark/Layers Separated@4x.png using Guid(03a0f27e9b08047889b3f5e7f0c23ff7) Importer(815301076,1909f56bfc062723c751e8b465ee728b)  -> (artifact id: '480a3f4de741daea8c944b0c01cead47') in 0.057429 seconds 
========================================================================
Received Import Request.
  Time since last request: 0.000030 seconds.
  path: Assets/Art/OnlineAssets/kyrises-rpg-icon-pack/icons/32x32/necklace_02a.png
  artifactKey: Guid(387626c64529e9244982ceac413d0340) Importer(815301076,1909f56bfc062723c751e8b465ee728b)
Start importing Assets/Art/OnlineAssets/kyrises-rpg-icon-pack/icons/32x32/necklace_02a.png using Guid(387626c64529e9244982ceac413d0340) Importer(815301076,1909f56bfc062723c751e8b465ee728b)  -> (artifact id: '128422a157c3f56507da3e04caa34b3b') in 0.055020 seconds 
========================================================================
Received Import Request.
  Time since last request: 0.000030 seconds.
  path: Packages/com.unity.2d.psdimporter/Editor/Assets/Icons/Dark/Layers Separated@8x.png
  artifactKey: Guid(51ef52b256a104c0ca3268e10a1b1056) Importer(815301076,1909f56bfc062723c751e8b465ee728b)
Start importing Packages/com.unity.2d.psdimporter/Editor/Assets/Icons/Dark/Layers Separated@8x.png using Guid(51ef52b256a104c0ca3268e10a1b1056) Importer(815301076,1909f56bfc062723c751e8b465ee728b)  -> (artifact id: 'b374e5486dff6b15567589d5de02cec2') in 0.083879 seconds 
========================================================================
Received Import Request.
  Time since last request: 0.000275 seconds.
  path: Assets/Art/OnlineAssets/kyrises-rpg-icon-pack/icons/48x48/necklace_01e.png
  artifactKey: Guid(e79b57f02275614419f92d7b497fffc1) Importer(815301076,1909f56bfc062723c751e8b465ee728b)
Start importing Assets/Art/OnlineAssets/kyrises-rpg-icon-pack/icons/48x48/necklace_01e.png using Guid(e79b57f02275614419f92d7b497fffc1) Importer(815301076,1909f56bfc062723c751e8b465ee728b)  -> (artifact id: '260b83da4fc13bebe02a8d33c9464ddf') in 0.067483 seconds 
========================================================================
Received Import Request.
  Time since last request: 0.000062 seconds.
  path: Assets/Art/OnlineAssets/kyrises-rpg-icon-pack/icons/48x48/necklace_02d.png
  artifactKey: Guid(f09b384e33fa635429c2dbc54f445326) Importer(815301076,1909f56bfc062723c751e8b465ee728b)
Start importing Assets/Art/OnlineAssets/kyrises-rpg-icon-pack/icons/48x48/necklace_02d.png using Guid(f09b384e33fa635429c2dbc54f445326) Importer(815301076,1909f56bfc062723c751e8b465ee728b)  -> (artifact id: '616fb842e9cbd049a784c31e1a9b87c0') in 0.067378 seconds 
========================================================================
Received Import Request.
  Time since last request: 0.000034 seconds.
  path: Assets/Art/OnlineAssets/kyrises-rpg-icon-pack/icons/32x32/necklace_01d.png
  artifactKey: Guid(3d5c7e17c915bcb4db2a774399356738) Importer(815301076,1909f56bfc062723c751e8b465ee728b)
Start importing Assets/Art/OnlineAssets/kyrises-rpg-icon-pack/icons/32x32/necklace_01d.png using Guid(3d5c7e17c915bcb4db2a774399356738) Importer(815301076,1909f56bfc062723c751e8b465ee728b)  -> (artifact id: '131ecba15db5eca08273fef76fb0ff32') in 0.063420 seconds 
========================================================================
Received Import Request.
  Time since last request: 0.000032 seconds.
  path: Packages/com.unity.2d.psdimporter/Editor/Assets/Icons/Light/Layers Separated@2x.png
  artifactKey: Guid(9804e134a7b174b679f94a53e992ea60) Importer(815301076,1909f56bfc062723c751e8b465ee728b)
Start importing Packages/com.unity.2d.psdimporter/Editor/Assets/Icons/Light/Layers Separated@2x.png using Guid(9804e134a7b174b679f94a53e992ea60) Importer(815301076,1909f56bfc062723c751e8b465ee728b)  -> (artifact id: '598062013f6d20167d600a9571bdb4ba') in 0.068212 seconds 
========================================================================
Received Import Request.
  Time since last request: 0.000032 seconds.
  path: Packages/com.unity.2d.psdimporter/Editor/Assets/Icons/Light/Layers Mixed@16x.png
  artifactKey: Guid(8146dbbd8d7184f43bb0049a7ce3ade8) Importer(815301076,1909f56bfc062723c751e8b465ee728b)
Start importing Packages/com.unity.2d.psdimporter/Editor/Assets/Icons/Light/Layers Mixed@16x.png using Guid(8146dbbd8d7184f43bb0049a7ce3ade8) Importer(815301076,1909f56bfc062723c751e8b465ee728b)  -> (artifact id: 'cfb23c8faf7b65580386e9a62e8441ba') in 0.070684 seconds 
========================================================================
Received Import Request.
  Time since last request: 0.000043 seconds.
  path: Packages/com.unity.2d.psdimporter/Editor/Assets/Icons/Selected/Layers Mixed@16x.png
  artifactKey: Guid(9f3e8a7a640b640feac66da51cc078c5) Importer(815301076,1909f56bfc062723c751e8b465ee728b)
Start importing Packages/com.unity.2d.psdimporter/Editor/Assets/Icons/Selected/Layers Mixed@16x.png using Guid(9f3e8a7a640b640feac66da51cc078c5) Importer(815301076,1909f56bfc062723c751e8b465ee728b)  -> (artifact id: 'a1df3cbbe36c5fd4a2960d8aef02d712') in 0.062344 seconds 
========================================================================
Received Import Request.
  Time since last request: 0.000031 seconds.
  path: Assets/Art/OnlineAssets/kyrises-rpg-icon-pack/icons/32x32/necklace_02c.png
  artifactKey: Guid(46a2c1d7c73ea98468345881775413df) Importer(815301076,1909f56bfc062723c751e8b465ee728b)
Start importing Assets/Art/OnlineAssets/kyrises-rpg-icon-pack/icons/32x32/necklace_02c.png using Guid(46a2c1d7c73ea98468345881775413df) Importer(815301076,1909f56bfc062723c751e8b465ee728b)  -> (artifact id: '19709bc7bb529f9f8489ded160d3ed66') in 0.056985 seconds 
========================================================================
Received Import Request.
  Time since last request: 0.000038 seconds.
  path: Packages/com.unity.2d.animation/Editor/Assets/SkinningModule/Icons/Light/Mesh@4x.png
  artifactKey: Guid(953b8abb3b6548c4294b547c2f473be0) Importer(815301076,1909f56bfc062723c751e8b465ee728b)
Start importing Packages/com.unity.2d.animation/Editor/Assets/SkinningModule/Icons/Light/Mesh@4x.png using Guid(953b8abb3b6548c4294b547c2f473be0) Importer(815301076,1909f56bfc062723c751e8b465ee728b)  -> (artifact id: 'ebf3805ebff2b80f70ece453f32f6232') in 0.066652 seconds 
========================================================================
Received Import Request.
  Time since last request: 0.000046 seconds.
  path: Assets/Art/OnlineAssets/kyrises-rpg-icon-pack/icons/48x48/necklace_01d.png
  artifactKey: Guid(83ef9fb6204b41641bce3267d4e626b2) Importer(815301076,1909f56bfc062723c751e8b465ee728b)
Start importing Assets/Art/OnlineAssets/kyrises-rpg-icon-pack/icons/48x48/necklace_01d.png using Guid(83ef9fb6204b41641bce3267d4e626b2) Importer(815301076,1909f56bfc062723c751e8b465ee728b)  -> (artifact id: '53f7182a5e0290640e353745a7f74527') in 0.055399 seconds 
========================================================================
Received Import Request.
  Time since last request: 0.000036 seconds.
  path: Packages/com.unity.2d.psdimporter/Editor/Assets/Icons/Dark/Layers Separated@2x.png
  artifactKey: Guid(e269a78d88d514e4c9bde97d573d7e45) Importer(815301076,1909f56bfc062723c751e8b465ee728b)
Start importing Packages/com.unity.2d.psdimporter/Editor/Assets/Icons/Dark/Layers Separated@2x.png using Guid(e269a78d88d514e4c9bde97d573d7e45) Importer(815301076,1909f56bfc062723c751e8b465ee728b)  -> (artifact id: '9dfac006c2fe97ca738a2907e28796a2') in 0.061505 seconds 
========================================================================
Received Import Request.
  Time since last request: 0.000043 seconds.
  path: Packages/com.unity.2d.psdimporter/Editor/Assets/Icons/Light/Layers Separated@1x.png
  artifactKey: Guid(7d9554fa1b4bb4fe9a5b1248eaa02ad1) Importer(815301076,1909f56bfc062723c751e8b465ee728b)
Start importing Packages/com.unity.2d.psdimporter/Editor/Assets/Icons/Light/Layers Separated@1x.png using Guid(7d9554fa1b4bb4fe9a5b1248eaa02ad1) Importer(815301076,1909f56bfc062723c751e8b465ee728b)  -> (artifact id: '67616faaf4dc7351a3bd361fa8e13dc5') in 0.057542 seconds 
========================================================================
Received Import Request.
  Time since last request: 0.000029 seconds.
  path: Packages/com.unity.2d.animation/Editor/Assets/SkinningModule/Icons/Light/Mesh@3x.png
  artifactKey: Guid(2d95cf258837ba44896030e25b9f2dd7) Importer(815301076,1909f56bfc062723c751e8b465ee728b)
Start importing Packages/com.unity.2d.animation/Editor/Assets/SkinningModule/Icons/Light/Mesh@3x.png using Guid(2d95cf258837ba44896030e25b9f2dd7) Importer(815301076,1909f56bfc062723c751e8b465ee728b)  -> (artifact id: '3d9cbf3d8d60f29bda4b9290454e9946') in 0.065409 seconds 
========================================================================
Received Import Request.
  Time since last request: 0.000030 seconds.
  path: Assets/Art/OnlineAssets/kyrises-rpg-icon-pack/icons/48x48/necklace_02b.png
  artifactKey: Guid(89c4e1ac527606548adfcc5fcc9651d5) Importer(815301076,1909f56bfc062723c751e8b465ee728b)
Start importing Assets/Art/OnlineAssets/kyrises-rpg-icon-pack/icons/48x48/necklace_02b.png using Guid(89c4e1ac527606548adfcc5fcc9651d5) Importer(815301076,1909f56bfc062723c751e8b465ee728b)  -> (artifact id: '7f53144086e4646e79c5d1a74d826456') in 0.050468 seconds 
========================================================================
Received Import Request.
  Time since last request: 0.000052 seconds.
  path: Packages/com.unity.2d.animation/Editor/Assets/SkinningModule/Icons/Light/Mesh@2x.png
  artifactKey: Guid(242f58a86f3ee8e418809e5fc269d531) Importer(815301076,1909f56bfc062723c751e8b465ee728b)
Start importing Packages/com.unity.2d.animation/Editor/Assets/SkinningModule/Icons/Light/Mesh@2x.png using Guid(242f58a86f3ee8e418809e5fc269d531) Importer(815301076,1909f56bfc062723c751e8b465ee728b)  -> (artifact id: 'f58470ff96273580e2a9edfe2c35d3a5') in 0.059693 seconds 
========================================================================
Received Import Request.
  Time since last request: 167.094041 seconds.
  path: Assets/UI/Fonts/m5x7 SDF.asset
  artifactKey: Guid(8cc1e5d5ec0585a40a9cb8eeb39667db) Importer(815301076,1909f56bfc062723c751e8b465ee728b)
Start importing Assets/UI/Fonts/m5x7 SDF.asset using Guid(8cc1e5d5ec0585a40a9cb8eeb39667db) Importer(815301076,1909f56bfc062723c751e8b465ee728b)  -> (artifact id: 'edd058efb072680f15494a786f640e44') in 1.974198 seconds 
========================================================================
Received Import Request.
  Time since last request: 57.531525 seconds.
  path: Assets/Scripts/ParallaxEffect.cs
  artifactKey: Guid(020c1e68f8914b54887101e8a0ce733d) Importer(815301076,1909f56bfc062723c751e8b465ee728b)
Start importing Assets/Scripts/ParallaxEffect.cs using Guid(020c1e68f8914b54887101e8a0ce733d) Importer(815301076,1909f56bfc062723c751e8b465ee728b)  -> (artifact id: 'a3194a21bb119fcfe63ad7c62245fd6a') in 0.057379 seconds 
========================================================================
Received Import Request.
  Time since last request: 13.644572 seconds.
  path: Assets/Scripts/GoldScript.cs
  artifactKey: Guid(39d74bd3ae068a8409a39d83b01d6ceb) Importer(815301076,1909f56bfc062723c751e8b465ee728b)
Start importing Assets/Scripts/GoldScript.cs using Guid(39d74bd3ae068a8409a39d83b01d6ceb) Importer(815301076,1909f56bfc062723c751e8b465ee728b)  -> (artifact id: '88d3d996212eaa6b2ebe7d7a1254962b') in 0.086746 seconds 
========================================================================
Received Import Request.
  Time since last request: 11.555260 seconds.
  path: Assets/Scripts/GoldCollectorScript.cs
  artifactKey: Guid(208c665f5e55a3a4f81373db6fe73a5e) Importer(815301076,1909f56bfc062723c751e8b465ee728b)
Start importing Assets/Scripts/GoldCollectorScript.cs using Guid(208c665f5e55a3a4f81373db6fe73a5e) Importer(815301076,1909f56bfc062723c751e8b465ee728b)  -> (artifact id: '5d402db7e081a1684e80dc355a518981') in 0.054856 seconds 
========================================================================
Received Prepare
Registering precompiled user dll's ...
Registered in 0.066780 seconds.
Begin MonoManager ReloadAssembly
Symbol file LoadedFromMemory doesn't match image C:\Users\Ana\Documents\GitHub\PirateGame\PirateAdventure\Library\PackageCache\com.unity.visualscripting@1.8.0\Editor\VisualScripting.Core\Dependencies\YamlDotNet\Unity.VisualScripting.YamlDotNet.dll
Symbol file LoadedFromMemory doesn't match image C:\Users\Ana\Documents\GitHub\PirateGame\PirateAdventure\Library\PackageCache\com.unity.visualscripting@1.8.0\Editor\VisualScripting.Core\Dependencies\DotNetZip\Unity.VisualScripting.IonicZip.dll
Native extension for WindowsStandalone target not found
Native extension for iOS target not found
Native extension for Android target not found
Refreshing native plugins compatible for Editor in 5.98 ms, found 4 plugins.
Preloading 0 native plugins for Editor in 0.00 ms.
Mono: successfully reloaded assembly
- Completed reload, in 10.318 seconds
Domain Reload Profiling:
	ReloadAssembly (10340ms)
		BeginReloadAssembly (4996ms)
			ExecutionOrderSort (0ms)
			DisableScriptedObjects (242ms)
			BackupInstance (0ms)
			ReleaseScriptingObjects (1ms)
			CreateAndSetChildDomain (3749ms)
		EndReloadAssembly (4865ms)
			LoadAssemblies (1018ms)
			RebuildTransferFunctionScriptingTraits (2ms)
			SetupTypeCache (1233ms)
			ReleaseScriptCaches (8ms)
			RebuildScriptCaches (587ms)
			SetupLoadedEditorAssemblies (2009ms)
				LogAssemblyErrors (0ms)
				InitializePlatformSupportModulesInManaged (130ms)
				SetLoadedEditorAssemblies (1ms)
				RefreshPlugins (7ms)
				BeforeProcessingInitializeOnLoad (396ms)
				ProcessInitializeOnLoadAttributes (1204ms)
				ProcessInitializeOnLoadMethodAttributes (252ms)
				AfterProcessingInitializeOnLoad (18ms)
				EditorAssembliesLoaded (0ms)
			ExecutionOrderSort2 (0ms)
			AwakeInstancesAfterBackupRestoration (33ms)
Platform modules already initialized, skipping
Refreshing native plugins compatible for Editor in 61.96 ms, found 4 plugins.
Preloading 0 native plugins for Editor in 0.00 ms.
Unloading 5624 Unused Serialized files (Serialized files now loaded: 0)
Unloading 44 unused Assets / (1.3 MB). Loaded Objects now: 6307.
Memory consumption went from 238.5 MB to 237.2 MB.
Total: 50.857900 ms (FindLiveObjects: 0.879300 ms CreateObjectMapping: 0.596500 ms MarkObjects: 47.800700 ms  DeleteObjects: 1.577900 ms)

AssetImportParameters requested are different than current active one (requested -> active):
  custom:video-decoder-ogg-theora: a1e56fd34408186e4bbccfd4996cb3dc -> 
  custom:container-muxer-webm: aa71ff27fc2769a1b78a27578f13a17b -> 
  custom:container-demuxer-webm: 4f35f7cbe854078d1ac9338744f61a02 -> 
  custom:video-encoder-webm-vp8: eb34c28f22e8b96e1ab97ce403110664 -> 
  custom:video-codec-MediaFoundation-h265: 746d11721c4dcdbdad8f713fa42b33f4 -> 
  custom:audio-encoder-webm-vorbis: bf7c407c2cedff20999df2af8eb42d56 -> 
  custom:framework-win-MediaFoundation: 216162199b28c13a410421893ffa2e32 -> 
  custom:container-demuxer-ogg: 62fdf1f143b41e24485cea50d1cbac27 -> 
  custom:video-decoder-webm-vp8: 9c59270c3fd7afecdb556c50c9e8de78 -> 
  custom:audio-decoder-ogg-vorbis: bf7c407c2cedff20999df2af8eb42d56 -> 
========================================================================
Received Import Request.
  Time since last request: 1279.125100 seconds.
  path: Assets/Scripts/GoldScript.cs
  artifactKey: Guid(39d74bd3ae068a8409a39d83b01d6ceb) Importer(815301076,1909f56bfc062723c751e8b465ee728b)
Start importing Assets/Scripts/GoldScript.cs using Guid(39d74bd3ae068a8409a39d83b01d6ceb) Importer(815301076,1909f56bfc062723c751e8b465ee728b)  -> (artifact id: 'd42acfbcc15ed4811e383f2a1e3ccb86') in 0.035244 seconds 
========================================================================
Received Prepare
Registering precompiled user dll's ...
Registered in 0.015201 seconds.
Begin MonoManager ReloadAssembly
Symbol file LoadedFromMemory doesn't match image C:\Users\Ana\Documents\GitHub\PirateGame\PirateAdventure\Library\PackageCache\com.unity.visualscripting@1.8.0\Editor\VisualScripting.Core\Dependencies\YamlDotNet\Unity.VisualScripting.YamlDotNet.dll
Symbol file LoadedFromMemory doesn't match image C:\Users\Ana\Documents\GitHub\PirateGame\PirateAdventure\Library\PackageCache\com.unity.visualscripting@1.8.0\Editor\VisualScripting.Core\Dependencies\DotNetZip\Unity.VisualScripting.IonicZip.dll
Native extension for WindowsStandalone target not found
Native extension for iOS target not found
Native extension for Android target not found
Refreshing native plugins compatible for Editor in 2.30 ms, found 4 plugins.
Preloading 0 native plugins for Editor in 0.00 ms.
Mono: successfully reloaded assembly
- Completed reload, in  2.805 seconds
Domain Reload Profiling:
	ReloadAssembly (2807ms)
		BeginReloadAssembly (305ms)
			ExecutionOrderSort (0ms)
			DisableScriptedObjects (11ms)
			BackupInstance (0ms)
			ReleaseScriptingObjects (0ms)
			CreateAndSetChildDomain (83ms)
		EndReloadAssembly (2298ms)
			LoadAssemblies (233ms)
			RebuildTransferFunctionScriptingTraits (0ms)
			SetupTypeCache (557ms)
			ReleaseScriptCaches (3ms)
			RebuildScriptCaches (114ms)
			SetupLoadedEditorAssemblies (1172ms)
				LogAssemblyErrors (0ms)
				InitializePlatformSupportModulesInManaged (63ms)
				SetLoadedEditorAssemblies (1ms)
				RefreshPlugins (2ms)
				BeforeProcessingInitializeOnLoad (202ms)
				ProcessInitializeOnLoadAttributes (542ms)
				ProcessInitializeOnLoadMethodAttributes (341ms)
				AfterProcessingInitializeOnLoad (20ms)
				EditorAssembliesLoaded (0ms)
			ExecutionOrderSort2 (0ms)
			AwakeInstancesAfterBackupRestoration (28ms)
Platform modules already initialized, skipping
Refreshing native plugins compatible for Editor in 6.97 ms, found 4 plugins.
Preloading 0 native plugins for Editor in 0.00 ms.
Unloading 5625 Unused Serialized files (Serialized files now loaded: 0)
Unloading 44 unused Assets / (1.3 MB). Loaded Objects now: 6322.
Memory consumption went from 238.6 MB to 237.3 MB.
Total: 8.854000 ms (FindLiveObjects: 0.796600 ms CreateObjectMapping: 0.664700 ms MarkObjects: 6.373600 ms  DeleteObjects: 1.017100 ms)

AssetImportParameters requested are different than current active one (requested -> active):
  custom:video-decoder-ogg-theora: a1e56fd34408186e4bbccfd4996cb3dc -> 
  custom:container-muxer-webm: aa71ff27fc2769a1b78a27578f13a17b -> 
  custom:container-demuxer-webm: 4f35f7cbe854078d1ac9338744f61a02 -> 
  custom:video-encoder-webm-vp8: eb34c28f22e8b96e1ab97ce403110664 -> 
  custom:video-codec-MediaFoundation-h265: 746d11721c4dcdbdad8f713fa42b33f4 -> 
  custom:audio-encoder-webm-vorbis: bf7c407c2cedff20999df2af8eb42d56 -> 
  custom:framework-win-MediaFoundation: 216162199b28c13a410421893ffa2e32 -> 
  custom:container-demuxer-ogg: 62fdf1f143b41e24485cea50d1cbac27 -> 
  custom:video-decoder-webm-vp8: 9c59270c3fd7afecdb556c50c9e8de78 -> 
  custom:audio-decoder-ogg-vorbis: bf7c407c2cedff20999df2af8eb42d56 -> 
========================================================================
Received Import Request.
  Time since last request: 32.813366 seconds.
  path: Assets/Scripts/GoldScript.cs
  artifactKey: Guid(39d74bd3ae068a8409a39d83b01d6ceb) Importer(815301076,1909f56bfc062723c751e8b465ee728b)
Start importing Assets/Scripts/GoldScript.cs using Guid(39d74bd3ae068a8409a39d83b01d6ceb) Importer(815301076,1909f56bfc062723c751e8b465ee728b)  -> (artifact id: '204c8439c7102f14c0c05880cb0864f2') in 0.037214 seconds 
========================================================================
Received Import Request.
  Time since last request: 233.648366 seconds.
  path: Assets/Scripts/GoldCollectorScript.cs
  artifactKey: Guid(208c665f5e55a3a4f81373db6fe73a5e) Importer(815301076,1909f56bfc062723c751e8b465ee728b)
Start importing Assets/Scripts/GoldCollectorScript.cs using Guid(208c665f5e55a3a4f81373db6fe73a5e) Importer(815301076,1909f56bfc062723c751e8b465ee728b)  -> (artifact id: '232a7e4aa25054cff858d7dcd0f018d1') in 0.004326 seconds 
========================================================================
Received Prepare
Registering precompiled user dll's ...
Registered in 0.016713 seconds.
Begin MonoManager ReloadAssembly
Symbol file LoadedFromMemory doesn't match image C:\Users\Ana\Documents\GitHub\PirateGame\PirateAdventure\Library\PackageCache\com.unity.visualscripting@1.8.0\Editor\VisualScripting.Core\Dependencies\YamlDotNet\Unity.VisualScripting.YamlDotNet.dll
Symbol file LoadedFromMemory doesn't match image C:\Users\Ana\Documents\GitHub\PirateGame\PirateAdventure\Library\PackageCache\com.unity.visualscripting@1.8.0\Editor\VisualScripting.Core\Dependencies\DotNetZip\Unity.VisualScripting.IonicZip.dll
Native extension for WindowsStandalone target not found
Native extension for iOS target not found
Native extension for Android target not found
Refreshing native plugins compatible for Editor in 2.72 ms, found 4 plugins.
Preloading 0 native plugins for Editor in 0.00 ms.
Mono: successfully reloaded assembly
- Completed reload, in  2.827 seconds
Domain Reload Profiling:
	ReloadAssembly (2828ms)
		BeginReloadAssembly (235ms)
			ExecutionOrderSort (0ms)
			DisableScriptedObjects (11ms)
			BackupInstance (0ms)
			ReleaseScriptingObjects (0ms)
			CreateAndSetChildDomain (71ms)
		EndReloadAssembly (2394ms)
			LoadAssemblies (173ms)
			RebuildTransferFunctionScriptingTraits (0ms)
			SetupTypeCache (546ms)
			ReleaseScriptCaches (3ms)
			RebuildScriptCaches (100ms)
			SetupLoadedEditorAssemblies (1245ms)
				LogAssemblyErrors (0ms)
				InitializePlatformSupportModulesInManaged (75ms)
				SetLoadedEditorAssemblies (1ms)
				RefreshPlugins (3ms)
				BeforeProcessingInitializeOnLoad (253ms)
				ProcessInitializeOnLoadAttributes (662ms)
				ProcessInitializeOnLoadMethodAttributes (236ms)
				AfterProcessingInitializeOnLoad (15ms)
				EditorAssembliesLoaded (0ms)
			ExecutionOrderSort2 (0ms)
			AwakeInstancesAfterBackupRestoration (23ms)
Platform modules already initialized, skipping
Refreshing native plugins compatible for Editor in 6.00 ms, found 4 plugins.
Preloading 0 native plugins for Editor in 0.00 ms.
Unloading 5625 Unused Serialized files (Serialized files now loaded: 0)
Unloading 44 unused Assets / (1.3 MB). Loaded Objects now: 6337.
Memory consumption went from 238.8 MB to 237.5 MB.
Total: 51.750500 ms (FindLiveObjects: 1.769900 ms CreateObjectMapping: 1.499200 ms MarkObjects: 45.541700 ms  DeleteObjects: 2.938000 ms)

AssetImportParameters requested are different than current active one (requested -> active):
  custom:video-decoder-ogg-theora: a1e56fd34408186e4bbccfd4996cb3dc -> 
  custom:container-muxer-webm: aa71ff27fc2769a1b78a27578f13a17b -> 
  custom:container-demuxer-webm: 4f35f7cbe854078d1ac9338744f61a02 -> 
  custom:video-encoder-webm-vp8: eb34c28f22e8b96e1ab97ce403110664 -> 
  custom:video-codec-MediaFoundation-h265: 746d11721c4dcdbdad8f713fa42b33f4 -> 
  custom:audio-encoder-webm-vorbis: bf7c407c2cedff20999df2af8eb42d56 -> 
  custom:framework-win-MediaFoundation: 216162199b28c13a410421893ffa2e32 -> 
  custom:container-demuxer-ogg: 62fdf1f143b41e24485cea50d1cbac27 -> 
  custom:video-decoder-webm-vp8: 9c59270c3fd7afecdb556c50c9e8de78 -> 
  custom:audio-decoder-ogg-vorbis: bf7c407c2cedff20999df2af8eb42d56 -> 
========================================================================
Received Prepare
Registering precompiled user dll's ...
Registered in 0.017381 seconds.
Begin MonoManager ReloadAssembly
Symbol file LoadedFromMemory doesn't match image C:\Users\Ana\Documents\GitHub\PirateGame\PirateAdventure\Library\PackageCache\com.unity.visualscripting@1.8.0\Editor\VisualScripting.Core\Dependencies\YamlDotNet\Unity.VisualScripting.YamlDotNet.dll
Symbol file LoadedFromMemory doesn't match image C:\Users\Ana\Documents\GitHub\PirateGame\PirateAdventure\Library\PackageCache\com.unity.visualscripting@1.8.0\Editor\VisualScripting.Core\Dependencies\DotNetZip\Unity.VisualScripting.IonicZip.dll
Native extension for WindowsStandalone target not found
Native extension for iOS target not found
Native extension for Android target not found
Refreshing native plugins compatible for Editor in 2.75 ms, found 4 plugins.
Preloading 0 native plugins for Editor in 0.00 ms.
Mono: successfully reloaded assembly
- Completed reload, in  2.855 seconds
Domain Reload Profiling:
	ReloadAssembly (2856ms)
		BeginReloadAssembly (273ms)
			ExecutionOrderSort (0ms)
			DisableScriptedObjects (11ms)
			BackupInstance (0ms)
			ReleaseScriptingObjects (0ms)
			CreateAndSetChildDomain (75ms)
		EndReloadAssembly (2366ms)
			LoadAssemblies (237ms)
			RebuildTransferFunctionScriptingTraits (0ms)
			SetupTypeCache (769ms)
			ReleaseScriptCaches (3ms)
			RebuildScriptCaches (107ms)
			SetupLoadedEditorAssemblies (1061ms)
				LogAssemblyErrors (0ms)
				InitializePlatformSupportModulesInManaged (66ms)
				SetLoadedEditorAssemblies (1ms)
				RefreshPlugins (3ms)
				BeforeProcessingInitializeOnLoad (244ms)
				ProcessInitializeOnLoadAttributes (588ms)
				ProcessInitializeOnLoadMethodAttributes (145ms)
				AfterProcessingInitializeOnLoad (15ms)
				EditorAssembliesLoaded (0ms)
			ExecutionOrderSort2 (0ms)
			AwakeInstancesAfterBackupRestoration (25ms)
Platform modules already initialized, skipping
Refreshing native plugins compatible for Editor in 6.23 ms, found 4 plugins.
Preloading 0 native plugins for Editor in 0.00 ms.
Unloading 5625 Unused Serialized files (Serialized files now loaded: 0)
Unloading 44 unused Assets / (1.3 MB). Loaded Objects now: 6352.
Memory consumption went from 238.8 MB to 237.5 MB.
Total: 7.765800 ms (FindLiveObjects: 0.675900 ms CreateObjectMapping: 0.557600 ms MarkObjects: 5.633600 ms  DeleteObjects: 0.897400 ms)

AssetImportParameters requested are different than current active one (requested -> active):
  custom:video-decoder-ogg-theora: a1e56fd34408186e4bbccfd4996cb3dc -> 
  custom:container-muxer-webm: aa71ff27fc2769a1b78a27578f13a17b -> 
  custom:container-demuxer-webm: 4f35f7cbe854078d1ac9338744f61a02 -> 
  custom:video-encoder-webm-vp8: eb34c28f22e8b96e1ab97ce403110664 -> 
  custom:video-codec-MediaFoundation-h265: 746d11721c4dcdbdad8f713fa42b33f4 -> 
  custom:audio-encoder-webm-vorbis: bf7c407c2cedff20999df2af8eb42d56 -> 
  custom:framework-win-MediaFoundation: 216162199b28c13a410421893ffa2e32 -> 
  custom:container-demuxer-ogg: 62fdf1f143b41e24485cea50d1cbac27 -> 
  custom:video-decoder-webm-vp8: 9c59270c3fd7afecdb556c50c9e8de78 -> 
  custom:audio-decoder-ogg-vorbis: bf7c407c2cedff20999df2af8eb42d56 -> 
========================================================================
Received Import Request.
  Time since last request: 143.530427 seconds.
  path: Assets/UI/Text/GoldCollection.prefab
  artifactKey: Guid(2ec4ca692f4146c42aa2668d863fb72a) Importer(815301076,1909f56bfc062723c751e8b465ee728b)
Start importing Assets/UI/Text/GoldCollection.prefab using Guid(2ec4ca692f4146c42aa2668d863fb72a) Importer(815301076,1909f56bfc062723c751e8b465ee728b)  -> (artifact id: '6209d457f4d8aa72db6e054812d4def2') in 0.204463 seconds 
========================================================================
Received Import Request.
  Time since last request: 32.792641 seconds.
  path: Assets/Objects/coin1.controller
  artifactKey: Guid(5563cf34772f01c479e55ad1f8135637) Importer(815301076,1909f56bfc062723c751e8b465ee728b)
Start importing Assets/Objects/coin1.controller using Guid(5563cf34772f01c479e55ad1f8135637) Importer(815301076,1909f56bfc062723c751e8b465ee728b)  -> (artifact id: 'f2999f9167bf7d717cae5e112c4383be') in 0.039140 seconds 
========================================================================
Received Import Request.
  Time since last request: 63.877259 seconds.
  path: Assets/Objects/Coin_AC.controller
  artifactKey: Guid(fd971992fd459bf498dd2973db85a8fa) Importer(815301076,1909f56bfc062723c751e8b465ee728b)
Start importing Assets/Objects/Coin_AC.controller using Guid(fd971992fd459bf498dd2973db85a8fa) Importer(815301076,1909f56bfc062723c751e8b465ee728b)  -> (artifact id: 'c032ad5dae7bd23fe324b15c784edb55') in 0.026337 seconds 
========================================================================
Received Import Request.
  Time since last request: 5.523729 seconds.
  path: Assets/Objects/CoinPickup.anim
  artifactKey: Guid(e1e395a4bedcd374a8c95d8ab4769017) Importer(815301076,1909f56bfc062723c751e8b465ee728b)
Start importing Assets/Objects/CoinPickup.anim using Guid(e1e395a4bedcd374a8c95d8ab4769017) Importer(815301076,1909f56bfc062723c751e8b465ee728b)  -> (artifact id: '03b272fd0817e65ddd98be2ee2e9e253') in 0.020981 seconds 
========================================================================
Received Import Request.
  Time since last request: 1.383994 seconds.
  path: Assets/Objects/CoinAnim.anim
  artifactKey: Guid(6466290d22caaed4b8f0b423c50da0e1) Importer(815301076,1909f56bfc062723c751e8b465ee728b)
Start importing Assets/Objects/CoinAnim.anim using Guid(6466290d22caaed4b8f0b423c50da0e1) Importer(815301076,1909f56bfc062723c751e8b465ee728b)  -> (artifact id: 'bfcabce7c32200652e503d45cdd277db') in 0.023824 seconds 
========================================================================
Received Import Request.
  Time since last request: 84.231754 seconds.
  path: Assets/Objects/CoinRotate.anim
  artifactKey: Guid(0dba207ffcc46fe42a32d38178769865) Importer(815301076,1909f56bfc062723c751e8b465ee728b)
Start importing Assets/Objects/CoinRotate.anim using Guid(0dba207ffcc46fe42a32d38178769865) Importer(815301076,1909f56bfc062723c751e8b465ee728b)  -> (artifact id: '2181a80efc8adf9a4617b44e0f49eb0d') in 0.030417 seconds 
========================================================================
Received Prepare
Registering precompiled user dll's ...
Registered in 0.016470 seconds.
Begin MonoManager ReloadAssembly
Symbol file LoadedFromMemory doesn't match image C:\Users\Ana\Documents\GitHub\PirateGame\PirateAdventure\Library\PackageCache\com.unity.visualscripting@1.8.0\Editor\VisualScripting.Core\Dependencies\YamlDotNet\Unity.VisualScripting.YamlDotNet.dll
Symbol file LoadedFromMemory doesn't match image C:\Users\Ana\Documents\GitHub\PirateGame\PirateAdventure\Library\PackageCache\com.unity.visualscripting@1.8.0\Editor\VisualScripting.Core\Dependencies\DotNetZip\Unity.VisualScripting.IonicZip.dll
Native extension for WindowsStandalone target not found
Native extension for iOS target not found
Native extension for Android target not found
Refreshing native plugins compatible for Editor in 2.18 ms, found 4 plugins.
Preloading 0 native plugins for Editor in 0.00 ms.
Mono: successfully reloaded assembly
- Completed reload, in  3.012 seconds
Domain Reload Profiling:
	ReloadAssembly (3014ms)
		BeginReloadAssembly (390ms)
			ExecutionOrderSort (0ms)
			DisableScriptedObjects (19ms)
			BackupInstance (0ms)
			ReleaseScriptingObjects (0ms)
			CreateAndSetChildDomain (108ms)
		EndReloadAssembly (2440ms)
			LoadAssemblies (253ms)
			RebuildTransferFunctionScriptingTraits (0ms)
			SetupTypeCache (524ms)
			ReleaseScriptCaches (3ms)
			RebuildScriptCaches (107ms)
			SetupLoadedEditorAssemblies (1349ms)
				LogAssemblyErrors (0ms)
				InitializePlatformSupportModulesInManaged (66ms)
				SetLoadedEditorAssemblies (1ms)
				RefreshPlugins (2ms)
				BeforeProcessingInitializeOnLoad (212ms)
				ProcessInitializeOnLoadAttributes (719ms)
				ProcessInitializeOnLoadMethodAttributes (271ms)
				AfterProcessingInitializeOnLoad (78ms)
				EditorAssembliesLoaded (0ms)
			ExecutionOrderSort2 (0ms)
			AwakeInstancesAfterBackupRestoration (66ms)
Platform modules already initialized, skipping
Refreshing native plugins compatible for Editor in 10.87 ms, found 4 plugins.
Preloading 0 native plugins for Editor in 0.00 ms.
Unloading 5625 Unused Serialized files (Serialized files now loaded: 0)
Unloading 44 unused Assets / (1.3 MB). Loaded Objects now: 6367.
Memory consumption went from 238.8 MB to 237.5 MB.
Total: 13.310000 ms (FindLiveObjects: 0.843500 ms CreateObjectMapping: 2.378700 ms MarkObjects: 9.035100 ms  DeleteObjects: 1.051200 ms)

AssetImportParameters requested are different than current active one (requested -> active):
  custom:video-decoder-ogg-theora: a1e56fd34408186e4bbccfd4996cb3dc -> 
  custom:container-muxer-webm: aa71ff27fc2769a1b78a27578f13a17b -> 
  custom:container-demuxer-webm: 4f35f7cbe854078d1ac9338744f61a02 -> 
  custom:video-encoder-webm-vp8: eb34c28f22e8b96e1ab97ce403110664 -> 
  custom:video-codec-MediaFoundation-h265: 746d11721c4dcdbdad8f713fa42b33f4 -> 
  custom:audio-encoder-webm-vorbis: bf7c407c2cedff20999df2af8eb42d56 -> 
  custom:framework-win-MediaFoundation: 216162199b28c13a410421893ffa2e32 -> 
  custom:container-demuxer-ogg: 62fdf1f143b41e24485cea50d1cbac27 -> 
  custom:video-decoder-webm-vp8: 9c59270c3fd7afecdb556c50c9e8de78 -> 
  custom:audio-decoder-ogg-vorbis: bf7c407c2cedff20999df2af8eb42d56 -> 
========================================================================
Received Prepare
Registering precompiled user dll's ...
Registered in 0.047952 seconds.
Begin MonoManager ReloadAssembly
Symbol file LoadedFromMemory doesn't match image C:\Users\Ana\Documents\GitHub\PirateGame\PirateAdventure\Library\PackageCache\com.unity.visualscripting@1.8.0\Editor\VisualScripting.Core\Dependencies\YamlDotNet\Unity.VisualScripting.YamlDotNet.dll
Symbol file LoadedFromMemory doesn't match image C:\Users\Ana\Documents\GitHub\PirateGame\PirateAdventure\Library\PackageCache\com.unity.visualscripting@1.8.0\Editor\VisualScripting.Core\Dependencies\DotNetZip\Unity.VisualScripting.IonicZip.dll
Native extension for WindowsStandalone target not found
Native extension for iOS target not found
Native extension for Android target not found
Refreshing native plugins compatible for Editor in 4.49 ms, found 4 plugins.
Preloading 0 native plugins for Editor in 0.00 ms.
Mono: successfully reloaded assembly
- Completed reload, in  4.827 seconds
Domain Reload Profiling:
	ReloadAssembly (4831ms)
		BeginReloadAssembly (926ms)
			ExecutionOrderSort (0ms)
			DisableScriptedObjects (104ms)
			BackupInstance (0ms)
			ReleaseScriptingObjects (0ms)
			CreateAndSetChildDomain (347ms)
		EndReloadAssembly (3599ms)
			LoadAssemblies (468ms)
			RebuildTransferFunctionScriptingTraits (0ms)
			SetupTypeCache (884ms)
			ReleaseScriptCaches (5ms)
			RebuildScriptCaches (223ms)
			SetupLoadedEditorAssemblies (1341ms)
				LogAssemblyErrors (0ms)
				InitializePlatformSupportModulesInManaged (65ms)
				SetLoadedEditorAssemblies (1ms)
				RefreshPlugins (5ms)
				BeforeProcessingInitializeOnLoad (200ms)
				ProcessInitializeOnLoadAttributes (634ms)
				ProcessInitializeOnLoadMethodAttributes (418ms)
				AfterProcessingInitializeOnLoad (17ms)
				EditorAssembliesLoaded (0ms)
			ExecutionOrderSort2 (0ms)
			AwakeInstancesAfterBackupRestoration (32ms)
Platform modules already initialized, skipping
Refreshing native plugins compatible for Editor in 6.19 ms, found 4 plugins.
Preloading 0 native plugins for Editor in 0.00 ms.
Unloading 5625 Unused Serialized files (Serialized files now loaded: 0)
Unloading 44 unused Assets / (1.3 MB). Loaded Objects now: 6382.
Memory consumption went from 238.7 MB to 237.4 MB.
Total: 8.915000 ms (FindLiveObjects: 0.655900 ms CreateObjectMapping: 0.668300 ms MarkObjects: 6.553200 ms  DeleteObjects: 1.035900 ms)

AssetImportParameters requested are different than current active one (requested -> active):
  custom:video-decoder-ogg-theora: a1e56fd34408186e4bbccfd4996cb3dc -> 
  custom:container-muxer-webm: aa71ff27fc2769a1b78a27578f13a17b -> 
  custom:container-demuxer-webm: 4f35f7cbe854078d1ac9338744f61a02 -> 
  custom:video-encoder-webm-vp8: eb34c28f22e8b96e1ab97ce403110664 -> 
  custom:video-codec-MediaFoundation-h265: 746d11721c4dcdbdad8f713fa42b33f4 -> 
  custom:audio-encoder-webm-vorbis: bf7c407c2cedff20999df2af8eb42d56 -> 
  custom:framework-win-MediaFoundation: 216162199b28c13a410421893ffa2e32 -> 
  custom:container-demuxer-ogg: 62fdf1f143b41e24485cea50d1cbac27 -> 
  custom:video-decoder-webm-vp8: 9c59270c3fd7afecdb556c50c9e8de78 -> 
  custom:audio-decoder-ogg-vorbis: bf7c407c2cedff20999df2af8eb42d56 -> 
========================================================================
Received Prepare
Registering precompiled user dll's ...
Registered in 0.015262 seconds.
Begin MonoManager ReloadAssembly
Symbol file LoadedFromMemory doesn't match image C:\Users\Ana\Documents\GitHub\PirateGame\PirateAdventure\Library\PackageCache\com.unity.visualscripting@1.8.0\Editor\VisualScripting.Core\Dependencies\YamlDotNet\Unity.VisualScripting.YamlDotNet.dll
Symbol file LoadedFromMemory doesn't match image C:\Users\Ana\Documents\GitHub\PirateGame\PirateAdventure\Library\PackageCache\com.unity.visualscripting@1.8.0\Editor\VisualScripting.Core\Dependencies\DotNetZip\Unity.VisualScripting.IonicZip.dll
Native extension for WindowsStandalone target not found
Native extension for iOS target not found
Native extension for Android target not found
Refreshing native plugins compatible for Editor in 1.65 ms, found 4 plugins.
Preloading 0 native plugins for Editor in 0.00 ms.
Mono: successfully reloaded assembly
- Completed reload, in  2.682 seconds
Domain Reload Profiling:
	ReloadAssembly (2683ms)
		BeginReloadAssembly (255ms)
			ExecutionOrderSort (0ms)
			DisableScriptedObjects (14ms)
			BackupInstance (0ms)
			ReleaseScriptingObjects (0ms)
			CreateAndSetChildDomain (89ms)
		EndReloadAssembly (2256ms)
			LoadAssemblies (182ms)
			RebuildTransferFunctionScriptingTraits (0ms)
			SetupTypeCache (492ms)
			ReleaseScriptCaches (3ms)
			RebuildScriptCaches (94ms)
			SetupLoadedEditorAssemblies (1282ms)
				LogAssemblyErrors (0ms)
				InitializePlatformSupportModulesInManaged (60ms)
				SetLoadedEditorAssemblies (1ms)
				RefreshPlugins (2ms)
				BeforeProcessingInitializeOnLoad (247ms)
				ProcessInitializeOnLoadAttributes (755ms)
				ProcessInitializeOnLoadMethodAttributes (193ms)
				AfterProcessingInitializeOnLoad (23ms)
				EditorAssembliesLoaded (1ms)
			ExecutionOrderSort2 (0ms)
			AwakeInstancesAfterBackupRestoration (35ms)
Platform modules already initialized, skipping
Refreshing native plugins compatible for Editor in 6.49 ms, found 4 plugins.
Preloading 0 native plugins for Editor in 0.00 ms.
Unloading 5625 Unused Serialized files (Serialized files now loaded: 0)
Unloading 44 unused Assets / (1.3 MB). Loaded Objects now: 6397.
Memory consumption went from 238.7 MB to 237.4 MB.
Total: 10.494700 ms (FindLiveObjects: 0.911600 ms CreateObjectMapping: 1.122700 ms MarkObjects: 6.547800 ms  DeleteObjects: 1.911400 ms)

AssetImportParameters requested are different than current active one (requested -> active):
  custom:video-decoder-ogg-theora: a1e56fd34408186e4bbccfd4996cb3dc -> 
  custom:container-muxer-webm: aa71ff27fc2769a1b78a27578f13a17b -> 
  custom:container-demuxer-webm: 4f35f7cbe854078d1ac9338744f61a02 -> 
  custom:video-encoder-webm-vp8: eb34c28f22e8b96e1ab97ce403110664 -> 
  custom:video-codec-MediaFoundation-h265: 746d11721c4dcdbdad8f713fa42b33f4 -> 
  custom:audio-encoder-webm-vorbis: bf7c407c2cedff20999df2af8eb42d56 -> 
  custom:framework-win-MediaFoundation: 216162199b28c13a410421893ffa2e32 -> 
  custom:container-demuxer-ogg: 62fdf1f143b41e24485cea50d1cbac27 -> 
  custom:video-decoder-webm-vp8: 9c59270c3fd7afecdb556c50c9e8de78 -> 
  custom:audio-decoder-ogg-vorbis: bf7c407c2cedff20999df2af8eb42d56 -> 
========================================================================
Received Import Request.
  Time since last request: 2875.536720 seconds.
  path: Assets/Characters/Enemies/BanditEnemy/BanditEnemy.prefab
  artifactKey: Guid(7442160af69bf6140a3131aa3f8fe547) Importer(815301076,1909f56bfc062723c751e8b465ee728b)
Start importing Assets/Characters/Enemies/BanditEnemy/BanditEnemy.prefab using Guid(7442160af69bf6140a3131aa3f8fe547) Importer(815301076,1909f56bfc062723c751e8b465ee728b)  -> (artifact id: 'e20564b889e9ec4ce8c7e296f859be77') in 0.478132 seconds 
========================================================================
Received Import Request.
  Time since last request: 14.118116 seconds.
  path: Assets/Characters/Enemies/BanditEnemy/BanditEnemy.prefab
  artifactKey: Guid(7442160af69bf6140a3131aa3f8fe547) Importer(815301076,1909f56bfc062723c751e8b465ee728b)
Start importing Assets/Characters/Enemies/BanditEnemy/BanditEnemy.prefab using Guid(7442160af69bf6140a3131aa3f8fe547) Importer(815301076,1909f56bfc062723c751e8b465ee728b)  -> (artifact id: '5c3262b469ec05d741d9b9a1816ab82c') in 0.055844 seconds 
========================================================================
Received Import Request.
  Time since last request: 0.301075 seconds.
  path: Assets/Characters/Enemies/BanditEnemy/BanditEnemy.prefab
  artifactKey: Guid(7442160af69bf6140a3131aa3f8fe547) Importer(815301076,1909f56bfc062723c751e8b465ee728b)
Start importing Assets/Characters/Enemies/BanditEnemy/BanditEnemy.prefab using Guid(7442160af69bf6140a3131aa3f8fe547) Importer(815301076,1909f56bfc062723c751e8b465ee728b)  -> (artifact id: '25f59372a2e587dbb7bfca9673b99b6b') in 0.035307 seconds 
========================================================================
Received Prepare
Registering precompiled user dll's ...
Registered in 0.017364 seconds.
Begin MonoManager ReloadAssembly
Symbol file LoadedFromMemory doesn't match image C:\Users\Ana\Documents\GitHub\PirateGame\PirateAdventure\Library\PackageCache\com.unity.visualscripting@1.8.0\Editor\VisualScripting.Core\Dependencies\YamlDotNet\Unity.VisualScripting.YamlDotNet.dll
Symbol file LoadedFromMemory doesn't match image C:\Users\Ana\Documents\GitHub\PirateGame\PirateAdventure\Library\PackageCache\com.unity.visualscripting@1.8.0\Editor\VisualScripting.Core\Dependencies\DotNetZip\Unity.VisualScripting.IonicZip.dll
Native extension for WindowsStandalone target not found
Native extension for iOS target not found
Native extension for Android target not found
Refreshing native plugins compatible for Editor in 1.91 ms, found 4 plugins.
Preloading 0 native plugins for Editor in 0.00 ms.
Mono: successfully reloaded assembly
- Completed reload, in  3.287 seconds
Domain Reload Profiling:
	ReloadAssembly (3288ms)
		BeginReloadAssembly (353ms)
			ExecutionOrderSort (0ms)
			DisableScriptedObjects (19ms)
			BackupInstance (0ms)
			ReleaseScriptingObjects (0ms)
			CreateAndSetChildDomain (107ms)
		EndReloadAssembly (2627ms)
			LoadAssemblies (297ms)
			RebuildTransferFunctionScriptingTraits (0ms)
			SetupTypeCache (624ms)
			ReleaseScriptCaches (3ms)
			RebuildScriptCaches (143ms)
			SetupLoadedEditorAssemblies (1285ms)
				LogAssemblyErrors (0ms)
				InitializePlatformSupportModulesInManaged (82ms)
				SetLoadedEditorAssemblies (1ms)
				RefreshPlugins (2ms)
				BeforeProcessingInitializeOnLoad (270ms)
				ProcessInitializeOnLoadAttributes (728ms)
				ProcessInitializeOnLoadMethodAttributes (182ms)
				AfterProcessingInitializeOnLoad (19ms)
				EditorAssembliesLoaded (0ms)
			ExecutionOrderSort2 (0ms)
			AwakeInstancesAfterBackupRestoration (33ms)
Platform modules already initialized, skipping
Refreshing native plugins compatible for Editor in 5.58 ms, found 4 plugins.
Preloading 0 native plugins for Editor in 0.00 ms.
Unloading 5624 Unused Serialized files (Serialized files now loaded: 0)
Unloading 44 unused Assets / (1.3 MB). Loaded Objects now: 6453.
Memory consumption went from 238.7 MB to 237.4 MB.
Total: 11.905500 ms (FindLiveObjects: 0.637500 ms CreateObjectMapping: 0.552100 ms MarkObjects: 9.525900 ms  DeleteObjects: 1.188700 ms)

AssetImportParameters requested are different than current active one (requested -> active):
  custom:video-decoder-ogg-theora: a1e56fd34408186e4bbccfd4996cb3dc -> 
  custom:container-muxer-webm: aa71ff27fc2769a1b78a27578f13a17b -> 
  custom:container-demuxer-webm: 4f35f7cbe854078d1ac9338744f61a02 -> 
  custom:video-encoder-webm-vp8: eb34c28f22e8b96e1ab97ce403110664 -> 
  custom:video-codec-MediaFoundation-h265: 746d11721c4dcdbdad8f713fa42b33f4 -> 
  custom:audio-encoder-webm-vorbis: bf7c407c2cedff20999df2af8eb42d56 -> 
  custom:framework-win-MediaFoundation: 216162199b28c13a410421893ffa2e32 -> 
  custom:container-demuxer-ogg: 62fdf1f143b41e24485cea50d1cbac27 -> 
  custom:video-decoder-webm-vp8: 9c59270c3fd7afecdb556c50c9e8de78 -> 
  custom:audio-decoder-ogg-vorbis: bf7c407c2cedff20999df2af8eb42d56 -> 
========================================================================
Received Prepare
Registering precompiled user dll's ...
Registered in 0.017577 seconds.
Begin MonoManager ReloadAssembly
Symbol file LoadedFromMemory doesn't match image C:\Users\Ana\Documents\GitHub\PirateGame\PirateAdventure\Library\PackageCache\com.unity.visualscripting@1.8.0\Editor\VisualScripting.Core\Dependencies\YamlDotNet\Unity.VisualScripting.YamlDotNet.dll
Symbol file LoadedFromMemory doesn't match image C:\Users\Ana\Documents\GitHub\PirateGame\PirateAdventure\Library\PackageCache\com.unity.visualscripting@1.8.0\Editor\VisualScripting.Core\Dependencies\DotNetZip\Unity.VisualScripting.IonicZip.dll
Native extension for WindowsStandalone target not found
Native extension for iOS target not found
Native extension for Android target not found
Refreshing native plugins compatible for Editor in 3.29 ms, found 4 plugins.
Preloading 0 native plugins for Editor in 0.00 ms.
Mono: successfully reloaded assembly
- Completed reload, in  2.446 seconds
Domain Reload Profiling:
	ReloadAssembly (2447ms)
		BeginReloadAssembly (261ms)
			ExecutionOrderSort (0ms)
			DisableScriptedObjects (14ms)
			BackupInstance (0ms)
			ReleaseScriptingObjects (0ms)
			CreateAndSetChildDomain (92ms)
		EndReloadAssembly (1998ms)
			LoadAssemblies (176ms)
			RebuildTransferFunctionScriptingTraits (0ms)
			SetupTypeCache (509ms)
			ReleaseScriptCaches (3ms)
			RebuildScriptCaches (95ms)
			SetupLoadedEditorAssemblies (1041ms)
				LogAssemblyErrors (0ms)
				InitializePlatformSupportModulesInManaged (77ms)
				SetLoadedEditorAssemblies (1ms)
				RefreshPlugins (3ms)
				BeforeProcessingInitializeOnLoad (205ms)
				ProcessInitializeOnLoadAttributes (606ms)
				ProcessInitializeOnLoadMethodAttributes (134ms)
				AfterProcessingInitializeOnLoad (14ms)
				EditorAssembliesLoaded (0ms)
			ExecutionOrderSort2 (0ms)
			AwakeInstancesAfterBackupRestoration (24ms)
Platform modules already initialized, skipping
Refreshing native plugins compatible for Editor in 4.30 ms, found 4 plugins.
Preloading 0 native plugins for Editor in 0.00 ms.
Unloading 5625 Unused Serialized files (Serialized files now loaded: 0)
Unloading 44 unused Assets / (1.3 MB). Loaded Objects now: 6468.
Memory consumption went from 238.8 MB to 237.5 MB.
Total: 6.290500 ms (FindLiveObjects: 0.664900 ms CreateObjectMapping: 0.615600 ms MarkObjects: 4.210300 ms  DeleteObjects: 0.798500 ms)

AssetImportParameters requested are different than current active one (requested -> active):
  custom:video-decoder-ogg-theora: a1e56fd34408186e4bbccfd4996cb3dc -> 
  custom:container-muxer-webm: aa71ff27fc2769a1b78a27578f13a17b -> 
  custom:container-demuxer-webm: 4f35f7cbe854078d1ac9338744f61a02 -> 
  custom:video-encoder-webm-vp8: eb34c28f22e8b96e1ab97ce403110664 -> 
  custom:video-codec-MediaFoundation-h265: 746d11721c4dcdbdad8f713fa42b33f4 -> 
  custom:audio-encoder-webm-vorbis: bf7c407c2cedff20999df2af8eb42d56 -> 
  custom:framework-win-MediaFoundation: 216162199b28c13a410421893ffa2e32 -> 
  custom:container-demuxer-ogg: 62fdf1f143b41e24485cea50d1cbac27 -> 
  custom:video-decoder-webm-vp8: 9c59270c3fd7afecdb556c50c9e8de78 -> 
  custom:audio-decoder-ogg-vorbis: bf7c407c2cedff20999df2af8eb42d56 -> 
========================================================================
Received Prepare
Registering precompiled user dll's ...
Registered in 0.012514 seconds.
Begin MonoManager ReloadAssembly
Symbol file LoadedFromMemory doesn't match image C:\Users\Ana\Documents\GitHub\PirateGame\PirateAdventure\Library\PackageCache\com.unity.visualscripting@1.8.0\Editor\VisualScripting.Core\Dependencies\YamlDotNet\Unity.VisualScripting.YamlDotNet.dll
Symbol file LoadedFromMemory doesn't match image C:\Users\Ana\Documents\GitHub\PirateGame\PirateAdventure\Library\PackageCache\com.unity.visualscripting@1.8.0\Editor\VisualScripting.Core\Dependencies\DotNetZip\Unity.VisualScripting.IonicZip.dll
Native extension for WindowsStandalone target not found
Native extension for iOS target not found
Native extension for Android target not found
Refreshing native plugins compatible for Editor in 1.72 ms, found 4 plugins.
Preloading 0 native plugins for Editor in 0.00 ms.
Mono: successfully reloaded assembly
- Completed reload, in  2.970 seconds
Domain Reload Profiling:
	ReloadAssembly (2972ms)
		BeginReloadAssembly (346ms)
			ExecutionOrderSort (0ms)
			DisableScriptedObjects (44ms)
			BackupInstance (0ms)
			ReleaseScriptingObjects (0ms)
			CreateAndSetChildDomain (84ms)
		EndReloadAssembly (2388ms)
			LoadAssemblies (274ms)
			RebuildTransferFunctionScriptingTraits (0ms)
			SetupTypeCache (603ms)
			ReleaseScriptCaches (4ms)
			RebuildScriptCaches (115ms)
			SetupLoadedEditorAssemblies (1202ms)
				LogAssemblyErrors (0ms)
				InitializePlatformSupportModulesInManaged (85ms)
				SetLoadedEditorAssemblies (1ms)
				RefreshPlugins (2ms)
				BeforeProcessingInitializeOnLoad (253ms)
				ProcessInitializeOnLoadAttributes (672ms)
				ProcessInitializeOnLoadMethodAttributes (167ms)
				AfterProcessingInitializeOnLoad (22ms)
				EditorAssembliesLoaded (0ms)
			ExecutionOrderSort2 (0ms)
			AwakeInstancesAfterBackupRestoration (32ms)
Platform modules already initialized, skipping
Refreshing native plugins compatible for Editor in 6.30 ms, found 4 plugins.
Preloading 0 native plugins for Editor in 0.00 ms.
Unloading 5625 Unused Serialized files (Serialized files now loaded: 0)
Unloading 44 unused Assets / (1.3 MB). Loaded Objects now: 6483.
Memory consumption went from 238.8 MB to 237.5 MB.
Total: 13.008900 ms (FindLiveObjects: 0.917400 ms CreateObjectMapping: 0.814400 ms MarkObjects: 9.920000 ms  DeleteObjects: 1.355700 ms)

AssetImportParameters requested are different than current active one (requested -> active):
  custom:video-decoder-ogg-theora: a1e56fd34408186e4bbccfd4996cb3dc -> 
  custom:container-muxer-webm: aa71ff27fc2769a1b78a27578f13a17b -> 
  custom:container-demuxer-webm: 4f35f7cbe854078d1ac9338744f61a02 -> 
  custom:video-encoder-webm-vp8: eb34c28f22e8b96e1ab97ce403110664 -> 
  custom:video-codec-MediaFoundation-h265: 746d11721c4dcdbdad8f713fa42b33f4 -> 
  custom:audio-encoder-webm-vorbis: bf7c407c2cedff20999df2af8eb42d56 -> 
  custom:framework-win-MediaFoundation: 216162199b28c13a410421893ffa2e32 -> 
  custom:container-demuxer-ogg: 62fdf1f143b41e24485cea50d1cbac27 -> 
  custom:video-decoder-webm-vp8: 9c59270c3fd7afecdb556c50c9e8de78 -> 
  custom:audio-decoder-ogg-vorbis: bf7c407c2cedff20999df2af8eb42d56 -> 
========================================================================
Received Prepare
Registering precompiled user dll's ...
Registered in 0.013731 seconds.
Begin MonoManager ReloadAssembly
Symbol file LoadedFromMemory doesn't match image C:\Users\Ana\Documents\GitHub\PirateGame\PirateAdventure\Library\PackageCache\com.unity.visualscripting@1.8.0\Editor\VisualScripting.Core\Dependencies\YamlDotNet\Unity.VisualScripting.YamlDotNet.dll
Symbol file LoadedFromMemory doesn't match image C:\Users\Ana\Documents\GitHub\PirateGame\PirateAdventure\Library\PackageCache\com.unity.visualscripting@1.8.0\Editor\VisualScripting.Core\Dependencies\DotNetZip\Unity.VisualScripting.IonicZip.dll
Native extension for WindowsStandalone target not found
Native extension for iOS target not found
Native extension for Android target not found
Refreshing native plugins compatible for Editor in 3.08 ms, found 4 plugins.
Preloading 0 native plugins for Editor in 0.00 ms.
Mono: successfully reloaded assembly
- Completed reload, in  3.031 seconds
Domain Reload Profiling:
	ReloadAssembly (3032ms)
		BeginReloadAssembly (362ms)
			ExecutionOrderSort (0ms)
			DisableScriptedObjects (18ms)
			BackupInstance (0ms)
			ReleaseScriptingObjects (0ms)
			CreateAndSetChildDomain (110ms)
		EndReloadAssembly (2368ms)
			LoadAssemblies (288ms)
			RebuildTransferFunctionScriptingTraits (0ms)
			SetupTypeCache (661ms)
			ReleaseScriptCaches (4ms)
			RebuildScriptCaches (132ms)
			SetupLoadedEditorAssemblies (1115ms)
				LogAssemblyErrors (0ms)
				InitializePlatformSupportModulesInManaged (73ms)
				SetLoadedEditorAssemblies (1ms)
				RefreshPlugins (3ms)
				BeforeProcessingInitializeOnLoad (224ms)
				ProcessInitializeOnLoadAttributes (623ms)
				ProcessInitializeOnLoadMethodAttributes (172ms)
				AfterProcessingInitializeOnLoad (17ms)
				EditorAssembliesLoaded (0ms)
			ExecutionOrderSort2 (0ms)
			AwakeInstancesAfterBackupRestoration (29ms)
Platform modules already initialized, skipping
Refreshing native plugins compatible for Editor in 6.49 ms, found 4 plugins.
Preloading 0 native plugins for Editor in 0.00 ms.
Unloading 5625 Unused Serialized files (Serialized files now loaded: 0)
Unloading 44 unused Assets / (1.3 MB). Loaded Objects now: 6498.
Memory consumption went from 238.8 MB to 237.5 MB.
Total: 8.842500 ms (FindLiveObjects: 0.816300 ms CreateObjectMapping: 0.511800 ms MarkObjects: 6.431400 ms  DeleteObjects: 1.081600 ms)

AssetImportParameters requested are different than current active one (requested -> active):
  custom:video-decoder-ogg-theora: a1e56fd34408186e4bbccfd4996cb3dc -> 
  custom:container-muxer-webm: aa71ff27fc2769a1b78a27578f13a17b -> 
  custom:container-demuxer-webm: 4f35f7cbe854078d1ac9338744f61a02 -> 
  custom:video-encoder-webm-vp8: eb34c28f22e8b96e1ab97ce403110664 -> 
  custom:video-codec-MediaFoundation-h265: 746d11721c4dcdbdad8f713fa42b33f4 -> 
  custom:audio-encoder-webm-vorbis: bf7c407c2cedff20999df2af8eb42d56 -> 
  custom:framework-win-MediaFoundation: 216162199b28c13a410421893ffa2e32 -> 
  custom:container-demuxer-ogg: 62fdf1f143b41e24485cea50d1cbac27 -> 
  custom:video-decoder-webm-vp8: 9c59270c3fd7afecdb556c50c9e8de78 -> 
  custom:audio-decoder-ogg-vorbis: bf7c407c2cedff20999df2af8eb42d56 -> 
========================================================================
Received Prepare
Registering precompiled user dll's ...
Registered in 0.013453 seconds.
Begin MonoManager ReloadAssembly
Symbol file LoadedFromMemory doesn't match image C:\Users\Ana\Documents\GitHub\PirateGame\PirateAdventure\Library\PackageCache\com.unity.visualscripting@1.8.0\Editor\VisualScripting.Core\Dependencies\YamlDotNet\Unity.VisualScripting.YamlDotNet.dll
Symbol file LoadedFromMemory doesn't match image C:\Users\Ana\Documents\GitHub\PirateGame\PirateAdventure\Library\PackageCache\com.unity.visualscripting@1.8.0\Editor\VisualScripting.Core\Dependencies\DotNetZip\Unity.VisualScripting.IonicZip.dll
Native extension for WindowsStandalone target not found
Native extension for iOS target not found
Native extension for Android target not found
Refreshing native plugins compatible for Editor in 1.52 ms, found 4 plugins.
Preloading 0 native plugins for Editor in 0.00 ms.
Mono: successfully reloaded assembly
- Completed reload, in  2.566 seconds
Domain Reload Profiling:
	ReloadAssembly (2569ms)
		BeginReloadAssembly (216ms)
			ExecutionOrderSort (0ms)
			DisableScriptedObjects (11ms)
			BackupInstance (0ms)
			ReleaseScriptingObjects (0ms)
			CreateAndSetChildDomain (60ms)
		EndReloadAssembly (2184ms)
			LoadAssemblies (168ms)
			RebuildTransferFunctionScriptingTraits (0ms)
			SetupTypeCache (480ms)
			ReleaseScriptCaches (4ms)
			RebuildScriptCaches (127ms)
			SetupLoadedEditorAssemblies (1128ms)
				LogAssemblyErrors (0ms)
				InitializePlatformSupportModulesInManaged (60ms)
				SetLoadedEditorAssemblies (1ms)
				RefreshPlugins (2ms)
				BeforeProcessingInitializeOnLoad (194ms)
				ProcessInitializeOnLoadAttributes (585ms)
				ProcessInitializeOnLoadMethodAttributes (256ms)
				AfterProcessingInitializeOnLoad (29ms)
				EditorAssembliesLoaded (1ms)
			ExecutionOrderSort2 (0ms)
			AwakeInstancesAfterBackupRestoration (50ms)
Platform modules already initialized, skipping
Refreshing native plugins compatible for Editor in 7.62 ms, found 4 plugins.
Preloading 0 native plugins for Editor in 0.00 ms.
Unloading 5625 Unused Serialized files (Serialized files now loaded: 0)
Unloading 44 unused Assets / (1.3 MB). Loaded Objects now: 6513.
Memory consumption went from 238.8 MB to 237.5 MB.
Total: 12.523200 ms (FindLiveObjects: 0.927500 ms CreateObjectMapping: 1.103800 ms MarkObjects: 8.968800 ms  DeleteObjects: 1.521200 ms)

AssetImportParameters requested are different than current active one (requested -> active):
  custom:video-decoder-ogg-theora: a1e56fd34408186e4bbccfd4996cb3dc -> 
  custom:container-muxer-webm: aa71ff27fc2769a1b78a27578f13a17b -> 
  custom:container-demuxer-webm: 4f35f7cbe854078d1ac9338744f61a02 -> 
  custom:video-encoder-webm-vp8: eb34c28f22e8b96e1ab97ce403110664 -> 
  custom:video-codec-MediaFoundation-h265: 746d11721c4dcdbdad8f713fa42b33f4 -> 
  custom:audio-encoder-webm-vorbis: bf7c407c2cedff20999df2af8eb42d56 -> 
  custom:framework-win-MediaFoundation: 216162199b28c13a410421893ffa2e32 -> 
  custom:container-demuxer-ogg: 62fdf1f143b41e24485cea50d1cbac27 -> 
  custom:video-decoder-webm-vp8: 9c59270c3fd7afecdb556c50c9e8de78 -> 
  custom:audio-decoder-ogg-vorbis: bf7c407c2cedff20999df2af8eb42d56 -> 
========================================================================
Received Import Request.
  Time since last request: 1374.417875 seconds.
  path: Assets/Art/OnlineAssets/freeknight/Colour1/Outline
  artifactKey: Guid(9c8843b28014ddd43901a7ec4b248aca) Importer(815301076,1909f56bfc062723c751e8b465ee728b)
Start importing Assets/Art/OnlineAssets/freeknight/Colour1/Outline using Guid(9c8843b28014ddd43901a7ec4b248aca) Importer(815301076,1909f56bfc062723c751e8b465ee728b)  -> (artifact id: 'e202a967e7720dcb3916cffcbf2bcf02') in 0.047046 seconds 
========================================================================
Received Import Request.
  Time since last request: 183.386047 seconds.
  path: Assets/Art/OnlineAssets/Bandits - Pixel Art/Sprites/LightBandit.png
  artifactKey: Guid(f2ed27d6c1c3ccc48959bcca269d88f0) Importer(815301076,1909f56bfc062723c751e8b465ee728b)
Start importing Assets/Art/OnlineAssets/Bandits - Pixel Art/Sprites/LightBandit.png using Guid(f2ed27d6c1c3ccc48959bcca269d88f0) Importer(815301076,1909f56bfc062723c751e8b465ee728b)  -> (artifact id: '7447c1d620022133a467d24283df68f0') in 0.213776 seconds 
========================================================================
Received Import Request.
  Time since last request: 364.839320 seconds.
  path: Assets/Characters/Enemies/BanditEnemy/AC_Bandit.controller
  artifactKey: Guid(b3dd78b6880f1044fbb196d12ff82880) Importer(815301076,1909f56bfc062723c751e8b465ee728b)
Start importing Assets/Characters/Enemies/BanditEnemy/AC_Bandit.controller using Guid(b3dd78b6880f1044fbb196d12ff82880) Importer(815301076,1909f56bfc062723c751e8b465ee728b)  -> (artifact id: '689a0df0276faf0ca187c55a11f6ab0e') in 0.041863 seconds 
